# JRE version: Java(TM) SE Runtime Environment (8.0_181-b13) (build 1.8.0_181-b13)
# Java VM: Java HotSpot(TM) 64-Bit Server VM (25.181-b13 mixed mode windows-amd64 compressed oops)
Heap:
 PSYoungGen      total 257024K, used 14109K [0x00000000d6300000, 0x00000000ee600000, 0x0000000100000000)
  eden space 247296K, 1% used [0x00000000d6300000,0x00000000d6749868,0x00000000e5480000)
  from space 9728K, 99% used [0x00000000e5480000,0x00000000e5dfdcf0,0x00000000e5e00000)
  to   space 12800K, 0% used [0x00000000ed980000,0x00000000ed980000,0x00000000ee600000)
 ParOldGen       total 45056K, used 11244K [0x0000000082800000, 0x0000000085400000, 0x00000000d6300000)
  object space 45056K, 24% used [0x0000000082800000,0x00000000832fb2d8,0x0000000085400000)
 Metaspace       used 33186K, capacity 33546K, committed 33664K, reserved 1079296K
  class space    used 4078K, capacity 4182K, committed 4224K, reserved 1048576K
GC Heap History (10 events):
Event: 10.905 GC heap before
{Heap before GC invocations=6 (full 0):
 PSYoungGen      total 70656K, used 7416K [0x00000000d6300000, 0x00000000df400000, 0x0000000100000000)
  eden space 65536K, 3% used [0x00000000d6300000,0x00000000d6543b20,0x00000000da300000)
  from space 5120K, 99% used [0x00000000da300000,0x00000000da7fa4e0,0x00000000da800000)
  to   space 8704K, 0% used [0x00000000deb80000,0x00000000deb80000,0x00000000df400000)
 ParOldGen       total 86016K, used 5093K [0x0000000082800000, 0x0000000087c00000, 0x00000000d6300000)
  object space 86016K, 5% used [0x0000000082800000,0x0000000082cf95c0,0x0000000087c00000)
 Metaspace       used 21049K, capacity 21170K, committed 21248K, reserved 1069056K
  class space    used 2473K, capacity 2514K, committed 2560K, reserved 1048576K
Event: 10.935 GC heap after
Heap after GC invocations=6 (full 0):
 PSYoungGen      total 139776K, used 5257K [0x00000000d6300000, 0x00000000df400000, 0x0000000100000000)
  eden space 131072K, 0% used [0x00000000d6300000,0x00000000d6300000,0x00000000de300000)
  from space 8704K, 60% used [0x00000000deb80000,0x00000000df0a24e0,0x00000000df400000)
  to   space 8704K, 0% used [0x00000000de300000,0x00000000de300000,0x00000000deb80000)
 ParOldGen       total 86016K, used 5093K [0x0000000082800000, 0x0000000087c00000, 0x00000000d6300000)
  object space 86016K, 5% used [0x0000000082800000,0x0000000082cf95c0,0x0000000087c00000)
 Metaspace       used 21049K, capacity 21170K, committed 21248K, reserved 1069056K
  class space    used 2473K, capacity 2514K, committed 2560K, reserved 1048576K
}
Event: 10.935 GC heap before
{Heap before GC invocations=7 (full 1):
 PSYoungGen      total 139776K, used 5257K [0x00000000d6300000, 0x00000000df400000, 0x0000000100000000)
  eden space 131072K, 0% used [0x00000000d6300000,0x00000000d6300000,0x00000000de300000)
  from space 8704K, 60% used [0x00000000deb80000,0x00000000df0a24e0,0x00000000df400000)
  to   space 8704K, 0% used [0x00000000de300000,0x00000000de300000,0x00000000deb80000)
 ParOldGen       total 86016K, used 5093K [0x0000000082800000, 0x0000000087c00000, 0x00000000d6300000)
  object space 86016K, 5% used [0x0000000082800000,0x0000000082cf95c0,0x0000000087c00000)
 Metaspace       used 21049K, capacity 21170K, committed 21248K, reserved 1069056K
  class space    used 2473K, capacity 2514K, committed 2560K, reserved 1048576K
Event: 11.026 GC heap after
Heap after GC invocations=7 (full 1):
 PSYoungGen      total 139776K, used 0K [0x00000000d6300000, 0x00000000df400000, 0x0000000100000000)
  eden space 131072K, 0% used [0x00000000d6300000,0x00000000d6300000,0x00000000de300000)
  from space 8704K, 0% used [0x00000000deb80000,0x00000000deb80000,0x00000000df400000)
  to   space 8704K, 0% used [0x00000000de300000,0x00000000de300000,0x00000000deb80000)
 ParOldGen       total 45056K, used 5890K [0x0000000082800000, 0x0000000085400000, 0x00000000d6300000)
  object space 45056K, 13% used [0x0000000082800000,0x0000000082dc09a0,0x0000000085400000)
 Metaspace       used 21049K, capacity 21170K, committed 21248K, reserved 1069056K
  class space    used 2473K, capacity 2514K, committed 2560K, reserved 1048576K
}
Event: 17.022 GC heap before
{Heap before GC invocations=8 (full 1):
 PSYoungGen      total 139776K, used 131072K [0x00000000d6300000, 0x00000000df400000, 0x0000000100000000)
  eden space 131072K, 100% used [0x00000000d6300000,0x00000000de300000,0x00000000de300000)
  from space 8704K, 0% used [0x00000000deb80000,0x00000000deb80000,0x00000000df400000)
  to   space 8704K, 0% used [0x00000000de300000,0x00000000de300000,0x00000000deb80000)
 ParOldGen       total 45056K, used 5890K [0x0000000082800000, 0x0000000085400000, 0x00000000d6300000)
  object space 45056K, 13% used [0x0000000082800000,0x0000000082dc09a0,0x0000000085400000)
 Metaspace       used 25033K, capacity 25342K, committed 25472K, reserved 1071104K
  class space    used 3025K, capacity 3124K, committed 3200K, reserved 1048576K
Event: 17.048 GC heap after
Heap after GC invocations=8 (full 1):
 PSYoungGen      total 139776K, used 7019K [0x00000000d6300000, 0x00000000e6780000, 0x0000000100000000)
  eden space 131072K, 0% used [0x00000000d6300000,0x00000000d6300000,0x00000000de300000)
  from space 8704K, 80% used [0x00000000de300000,0x00000000de9dacf8,0x00000000deb80000)
  to   space 8704K, 0% used [0x00000000e5f00000,0x00000000e5f00000,0x00000000e6780000)
 ParOldGen       total 45056K, used 5898K [0x0000000082800000, 0x0000000085400000, 0x00000000d6300000)
  object space 45056K, 13% used [0x0000000082800000,0x0000000082dc29a0,0x0000000085400000)
 Metaspace       used 25033K, capacity 25342K, committed 25472K, reserved 1071104K
  class space    used 3025K, capacity 3124K, committed 3200K, reserved 1048576K
}
Event: 20.125 GC heap before
{Heap before GC invocations=9 (full 1):
 PSYoungGen      total 139776K, used 138091K [0x00000000d6300000, 0x00000000e6780000, 0x0000000100000000)
  eden space 131072K, 100% used [0x00000000d6300000,0x00000000de300000,0x00000000de300000)
  from space 8704K, 80% used [0x00000000de300000,0x00000000de9dacf8,0x00000000deb80000)
  to   space 8704K, 0% used [0x00000000e5f00000,0x00000000e5f00000,0x00000000e6780000)
 ParOldGen       total 45056K, used 5898K [0x0000000082800000, 0x0000000085400000, 0x00000000d6300000)
  object space 45056K, 13% used [0x0000000082800000,0x0000000082dc29a0,0x0000000085400000)
 Metaspace       used 26814K, capacity 27130K, committed 27264K, reserved 1073152K
  class space    used 3273K, capacity 3390K, committed 3456K, reserved 1048576K
Event: 20.155 GC heap after
Heap after GC invocations=9 (full 1):
 PSYoungGen      total 254464K, used 8519K [0x00000000d6300000, 0x00000000e6780000, 0x0000000100000000)
  eden space 245760K, 0% used [0x00000000d6300000,0x00000000d6300000,0x00000000e5300000)
  from space 8704K, 97% used [0x00000000e5f00000,0x00000000e6751cb8,0x00000000e6780000)
  to   space 9728K, 0% used [0x00000000e5480000,0x00000000e5480000,0x00000000e5e00000)
 ParOldGen       total 45056K, used 5898K [0x0000000082800000, 0x0000000085400000, 0x00000000d6300000)
  object space 45056K, 13% used [0x0000000082800000,0x0000000082dc29a0,0x0000000085400000)
 Metaspace       used 26814K, capacity 27130K, committed 27264K, reserved 1073152K
  class space    used 3273K, capacity 3390K, committed 3456K, reserved 1048576K
}
Event: 25.612 GC heap before
{Heap before GC invocations=10 (full 1):
 PSYoungGen      total 254464K, used 254279K [0x00000000d6300000, 0x00000000e6780000, 0x0000000100000000)
  eden space 245760K, 100% used [0x00000000d6300000,0x00000000e5300000,0x00000000e5300000)
  from space 8704K, 97% used [0x00000000e5f00000,0x00000000e6751cb8,0x00000000e6780000)
  to   space 9728K, 0% used [0x00000000e5480000,0x00000000e5480000,0x00000000e5e00000)
 ParOldGen       total 45056K, used 5898K [0x0000000082800000, 0x0000000085400000, 0x00000000d6300000)
  object space 45056K, 13% used [0x0000000082800000,0x0000000082dc29a0,0x0000000085400000)
 Metaspace       used 33119K, capacity 33482K, committed 33664K, reserved 1079296K
  class space    used 4070K, capacity 4182K, committed 4224K, reserved 1048576K
Event: 25.653 GC heap after
Heap after GC invocations=10 (full 1):
 PSYoungGen      total 257024K, used 9719K [0x00000000d6300000, 0x00000000ee600000, 0x0000000100000000)
  eden space 247296K, 0% used [0x00000000d6300000,0x00000000d6300000,0x00000000e5480000)
  from space 9728K, 99% used [0x00000000e5480000,0x00000000e5dfdcf0,0x00000000e5e00000)
  to   space 12800K, 0% used [0x00000000ed980000,0x00000000ed980000,0x00000000ee600000)
 ParOldGen       total 45056K, used 11244K [0x0000000082800000, 0x0000000085400000, 0x00000000d6300000)
  object space 45056K, 24% used [0x0000000082800000,0x00000000832fb2d8,0x0000000085400000)
 Metaspace       used 33119K, capacity 33482K, committed 33664K, reserved 1079296K
  class space    used 4070K, capacity 4182K, committed 4224K, reserved 1048576K
}

