# JRE version: Java(TM) SE Runtime Environment (8.0_181-b13) (build 1.8.0_181-b13)
# Java VM: Java HotSpot(TM) 64-Bit Server VM (25.181-b13 mixed mode windows-amd64 compressed oops)
Heap:
 PSYoungGen      total 289792K, used 136564K [0x00000000d6300000, 0x00000000ebf80000, 0x0000000100000000)
  eden space 276480K, 49% used [0x00000000d6300000,0x00000000de85d080,0x00000000e7100000)
  from space 13312K, 0% used [0x00000000e7100000,0x00000000e7100000,0x00000000e7e00000)
  to   space 15360K, 1% used [0x00000000eb080000,0x00000000eb0c0000,0x00000000ebf80000)
 ParOldGen       total 141824K, used 45689K [0x0000000082800000, 0x000000008b280000, 0x00000000d6300000)
  object space 141824K, 32% used [0x0000000082800000,0x000000008549e5f8,0x000000008b280000)
 Metaspace       used 65070K, capacity 65834K, committed 66048K, reserved 1110016K
  class space    used 8515K, capacity 8681K, committed 8704K, reserved 1048576K
GC Heap History (10 events):
Event: 21.263 GC heap before
{Heap before GC invocations=16 (full 2):
 PSYoungGen      total 171520K, used 161280K [0x00000000d6300000, 0x00000000e4e80000, 0x0000000100000000)
  eden space 161280K, 100% used [0x00000000d6300000,0x00000000e0080000,0x00000000e0080000)
  from space 10240K, 0% used [0x00000000e0080000,0x00000000e0080000,0x00000000e0a80000)
  to   space 9728K, 0% used [0x00000000e4500000,0x00000000e4500000,0x00000000e4e80000)
 ParOldGen       total 92672K, used 23706K [0x0000000082800000, 0x0000000088280000, 0x00000000d6300000)
  object space 92672K, 25% used [0x0000000082800000,0x0000000083f26a98,0x0000000088280000)
 Metaspace       used 45931K, capacity 46390K, committed 46848K, reserved 1089536K
  class space    used 5916K, capacity 6053K, committed 6144K, reserved 1048576K
Event: 21.281 GC heap after
Heap after GC invocations=16 (full 2):
 PSYoungGen      total 221696K, used 9710K [0x00000000d6300000, 0x00000000e4e80000, 0x0000000100000000)
  eden space 211968K, 0% used [0x00000000d6300000,0x00000000d6300000,0x00000000e3200000)
  from space 9728K, 99% used [0x00000000e4500000,0x00000000e4e7ba70,0x00000000e4e80000)
  to   space 12288K, 0% used [0x00000000e3680000,0x00000000e3680000,0x00000000e4280000)
 ParOldGen       total 92672K, used 26569K [0x0000000082800000, 0x0000000088280000, 0x00000000d6300000)
  object space 92672K, 28% used [0x0000000082800000,0x00000000841f27b0,0x0000000088280000)
 Metaspace       used 45931K, capacity 46390K, committed 46848K, reserved 1089536K
  class space    used 5916K, capacity 6053K, committed 6144K, reserved 1048576K
}
Event: 25.794 GC heap before
{Heap before GC invocations=17 (full 2):
 PSYoungGen      total 221696K, used 221678K [0x00000000d6300000, 0x00000000e4e80000, 0x0000000100000000)
  eden space 211968K, 100% used [0x00000000d6300000,0x00000000e3200000,0x00000000e3200000)
  from space 9728K, 99% used [0x00000000e4500000,0x00000000e4e7ba70,0x00000000e4e80000)
  to   space 12288K, 0% used [0x00000000e3680000,0x00000000e3680000,0x00000000e4280000)
 ParOldGen       total 92672K, used 26569K [0x0000000082800000, 0x0000000088280000, 0x00000000d6300000)
  object space 92672K, 28% used [0x0000000082800000,0x00000000841f27b0,0x0000000088280000)
 Metaspace       used 51204K, capacity 51716K, committed 52096K, reserved 1095680K
  class space    used 6632K, capacity 6770K, committed 6784K, reserved 1048576K
Event: 25.837 GC heap after
Heap after GC invocations=17 (full 2):
 PSYoungGen      total 228864K, used 10953K [0x00000000d6300000, 0x00000000e8b80000, 0x0000000100000000)
  eden space 216576K, 0% used [0x00000000d6300000,0x00000000d6300000,0x00000000e3680000)
  from space 12288K, 89% used [0x00000000e3680000,0x00000000e4132640,0x00000000e4280000)
  to   space 13312K, 0% used [0x00000000e7e80000,0x00000000e7e80000,0x00000000e8b80000)
 ParOldGen       total 92672K, used 31421K [0x0000000082800000, 0x0000000088280000, 0x00000000d6300000)
  object space 92672K, 33% used [0x0000000082800000,0x00000000846af490,0x0000000088280000)
 Metaspace       used 51204K, capacity 51716K, committed 52096K, reserved 1095680K
  class space    used 6632K, capacity 6770K, committed 6784K, reserved 1048576K
}
Event: 34.490 GC heap before
{Heap before GC invocations=18 (full 2):
 PSYoungGen      total 228864K, used 227529K [0x00000000d6300000, 0x00000000e8b80000, 0x0000000100000000)
  eden space 216576K, 100% used [0x00000000d6300000,0x00000000e3680000,0x00000000e3680000)
  from space 12288K, 89% used [0x00000000e3680000,0x00000000e4132640,0x00000000e4280000)
  to   space 13312K, 0% used [0x00000000e7e80000,0x00000000e7e80000,0x00000000e8b80000)
 ParOldGen       total 92672K, used 31421K [0x0000000082800000, 0x0000000088280000, 0x00000000d6300000)
  object space 92672K, 33% used [0x0000000082800000,0x00000000846af490,0x0000000088280000)
 Metaspace       used 55686K, capacity 56218K, committed 56576K, reserved 1097728K
  class space    used 7271K, capacity 7413K, committed 7424K, reserved 1048576K
Event: 34.521 GC heap after
Heap after GC invocations=18 (full 2):
 PSYoungGen      total 289280K, used 8909K [0x00000000d6300000, 0x00000000e8b00000, 0x0000000100000000)
  eden space 276480K, 0% used [0x00000000d6300000,0x00000000d6300000,0x00000000e7100000)
  from space 12800K, 69% used [0x00000000e7e80000,0x00000000e8733708,0x00000000e8b00000)
  to   space 13312K, 0% used [0x00000000e7100000,0x00000000e7100000,0x00000000e7e00000)
 ParOldGen       total 92672K, used 37893K [0x0000000082800000, 0x0000000088280000, 0x00000000d6300000)
  object space 92672K, 40% used [0x0000000082800000,0x0000000084d01408,0x0000000088280000)
 Metaspace       used 55686K, capacity 56218K, committed 56576K, reserved 1097728K
  class space    used 7271K, capacity 7413K, committed 7424K, reserved 1048576K
}
Event: 38.746 GC heap before
{Heap before GC invocations=19 (full 2):
 PSYoungGen      total 289280K, used 213086K [0x00000000d6300000, 0x00000000e8b00000, 0x0000000100000000)
  eden space 276480K, 73% used [0x00000000d6300000,0x00000000e2a642c8,0x00000000e7100000)
  from space 12800K, 69% used [0x00000000e7e80000,0x00000000e8733708,0x00000000e8b00000)
  to   space 13312K, 0% used [0x00000000e7100000,0x00000000e7100000,0x00000000e7e00000)
 ParOldGen       total 92672K, used 37893K [0x0000000082800000, 0x0000000088280000, 0x00000000d6300000)
  object space 92672K, 40% used [0x0000000082800000,0x0000000084d01408,0x0000000088280000)
 Metaspace       used 58320K, capacity 59008K, committed 59160K, reserved 1101824K
  class space    used 7615K, capacity 7766K, committed 7808K, reserved 1048576K
Event: 38.780 GC heap after
Heap after GC invocations=19 (full 2):
 PSYoungGen      total 289792K, used 13297K [0x00000000d6300000, 0x00000000ebf80000, 0x0000000100000000)
  eden space 276480K, 0% used [0x00000000d6300000,0x00000000d6300000,0x00000000e7100000)
  from space 13312K, 99% used [0x00000000e7100000,0x00000000e7dfc600,0x00000000e7e00000)
  to   space 15360K, 0% used [0x00000000eb080000,0x00000000eb080000,0x00000000ebf80000)
 ParOldGen       total 92672K, used 38236K [0x0000000082800000, 0x0000000088280000, 0x00000000d6300000)
  object space 92672K, 41% used [0x0000000082800000,0x0000000084d572c0,0x0000000088280000)
 Metaspace       used 58320K, capacity 59008K, committed 59160K, reserved 1101824K
  class space    used 7615K, capacity 7766K, committed 7808K, reserved 1048576K
}
Event: 38.780 GC heap before
{Heap before GC invocations=20 (full 3):
 PSYoungGen      total 289792K, used 13297K [0x00000000d6300000, 0x00000000ebf80000, 0x0000000100000000)
  eden space 276480K, 0% used [0x00000000d6300000,0x00000000d6300000,0x00000000e7100000)
  from space 13312K, 99% used [0x00000000e7100000,0x00000000e7dfc600,0x00000000e7e00000)
  to   space 15360K, 0% used [0x00000000eb080000,0x00000000eb080000,0x00000000ebf80000)
 ParOldGen       total 92672K, used 38236K [0x0000000082800000, 0x0000000088280000, 0x00000000d6300000)
  object space 92672K, 41% used [0x0000000082800000,0x0000000084d572c0,0x0000000088280000)
 Metaspace       used 58320K, capacity 59008K, committed 59160K, reserved 1101824K
  class space    used 7615K, capacity 7766K, committed 7808K, reserved 1048576K
Event: 39.419 GC heap after
Heap after GC invocations=20 (full 3):
 PSYoungGen      total 289792K, used 0K [0x00000000d6300000, 0x00000000ebf80000, 0x0000000100000000)
  eden space 276480K, 0% used [0x00000000d6300000,0x00000000d6300000,0x00000000e7100000)
  from space 13312K, 0% used [0x00000000e7100000,0x00000000e7100000,0x00000000e7e00000)
  to   space 15360K, 0% used [0x00000000eb080000,0x00000000eb080000,0x00000000ebf80000)
 ParOldGen       total 141824K, used 45689K [0x0000000082800000, 0x000000008b280000, 0x00000000d6300000)
  object space 141824K, 32% used [0x0000000082800000,0x000000008549e5f8,0x000000008b280000)
 Metaspace       used 58320K, capacity 59008K, committed 59160K, reserved 1101824K
  class space    used 7615K, capacity 7766K, committed 7808K, reserved 1048576K
}

