# JRE version: Java(TM) SE Runtime Environment (8.0_181-b13) (build 1.8.0_181-b13)
# Java VM: Java HotSpot(TM) 64-Bit Server VM (25.181-b13 mixed mode windows-amd64 compressed oops)
Heap:
 PSYoungGen      total 238592K, used 125915K [0x00000000d6300000, 0x00000000e5d00000, 0x0000000100000000)
  eden space 228352K, 51% used [0x00000000d6300000,0x00000000dd4ddae0,0x00000000e4200000)
  from space 10240K, 90% used [0x00000000e5300000,0x00000000e5c19490,0x00000000e5d00000)
  to   space 13824K, 0% used [0x00000000e4200000,0x00000000e4200000,0x00000000e4f80000)
 ParOldGen       total 89088K, used 32797K [0x0000000082800000, 0x0000000087f00000, 0x00000000d6300000)
  object space 89088K, 36% used [0x0000000082800000,0x0000000084807470,0x0000000087f00000)
 Metaspace       used 55708K, capacity 56323K, committed 56616K, reserved 1097728K
  class space    used 7247K, capacity 7398K, committed 7464K, reserved 1048576K
GC Heap History (10 events):
Event: 20.917 GC heap before
{Heap before GC invocations=12 (full 1):
 PSYoungGen      total 138240K, used 137060K [0x00000000d6300000, 0x00000000df480000, 0x0000000100000000)
  eden space 129536K, 100% used [0x00000000d6300000,0x00000000de180000,0x00000000de180000)
  from space 8704K, 86% used [0x00000000dec00000,0x00000000df359218,0x00000000df480000)
  to   space 9728K, 0% used [0x00000000de180000,0x00000000de180000,0x00000000deb00000)
 ParOldGen       total 51200K, used 10425K [0x0000000082800000, 0x0000000085a00000, 0x00000000d6300000)
  object space 51200K, 20% used [0x0000000082800000,0x000000008322e6d8,0x0000000085a00000)
 Metaspace       used 34079K, capacity 34472K, committed 34688K, reserved 1079296K
  class space    used 4287K, capacity 4405K, committed 4480K, reserved 1048576K
Event: 20.949 GC heap after
Heap after GC invocations=12 (full 1):
 PSYoungGen      total 139264K, used 8919K [0x00000000d6300000, 0x00000000e2380000, 0x0000000100000000)
  eden space 129536K, 0% used [0x00000000d6300000,0x00000000d6300000,0x00000000de180000)
  from space 9728K, 91% used [0x00000000de180000,0x00000000dea35e98,0x00000000deb00000)
  to   space 10240K, 0% used [0x00000000e1980000,0x00000000e1980000,0x00000000e2380000)
 ParOldGen       total 51200K, used 15557K [0x0000000082800000, 0x0000000085a00000, 0x00000000d6300000)
  object space 51200K, 30% used [0x0000000082800000,0x0000000083731658,0x0000000085a00000)
 Metaspace       used 34079K, capacity 34472K, committed 34688K, reserved 1079296K
  class space    used 4287K, capacity 4405K, committed 4480K, reserved 1048576K
}
Event: 21.890 GC heap before
{Heap before GC invocations=13 (full 1):
 PSYoungGen      total 139264K, used 81014K [0x00000000d6300000, 0x00000000e2380000, 0x0000000100000000)
  eden space 129536K, 55% used [0x00000000d6300000,0x00000000da9679c0,0x00000000de180000)
  from space 9728K, 91% used [0x00000000de180000,0x00000000dea35e98,0x00000000deb00000)
  to   space 10240K, 0% used [0x00000000e1980000,0x00000000e1980000,0x00000000e2380000)
 ParOldGen       total 51200K, used 15557K [0x0000000082800000, 0x0000000085a00000, 0x00000000d6300000)
  object space 51200K, 30% used [0x0000000082800000,0x0000000083731658,0x0000000085a00000)
 Metaspace       used 34989K, capacity 35367K, committed 35496K, reserved 1081344K
  class space    used 4389K, capacity 4507K, committed 4520K, reserved 1048576K
Event: 21.916 GC heap after
Heap after GC invocations=13 (full 1):
 PSYoungGen      total 186368K, used 2750K [0x00000000d6300000, 0x00000000e2800000, 0x0000000100000000)
  eden space 176128K, 0% used [0x00000000d6300000,0x00000000d6300000,0x00000000e0f00000)
  from space 10240K, 26% used [0x00000000e1980000,0x00000000e1c2f8e0,0x00000000e2380000)
  to   space 10752K, 0% used [0x00000000e0f00000,0x00000000e0f00000,0x00000000e1980000)
 ParOldGen       total 51200K, used 22042K [0x0000000082800000, 0x0000000085a00000, 0x00000000d6300000)
  object space 51200K, 43% used [0x0000000082800000,0x0000000083d869e0,0x0000000085a00000)
 Metaspace       used 34989K, capacity 35367K, committed 35496K, reserved 1081344K
  class space    used 4389K, capacity 4507K, committed 4520K, reserved 1048576K
}
Event: 21.916 GC heap before
{Heap before GC invocations=14 (full 2):
 PSYoungGen      total 186368K, used 2750K [0x00000000d6300000, 0x00000000e2800000, 0x0000000100000000)
  eden space 176128K, 0% used [0x00000000d6300000,0x00000000d6300000,0x00000000e0f00000)
  from space 10240K, 26% used [0x00000000e1980000,0x00000000e1c2f8e0,0x00000000e2380000)
  to   space 10752K, 0% used [0x00000000e0f00000,0x00000000e0f00000,0x00000000e1980000)
 ParOldGen       total 51200K, used 22042K [0x0000000082800000, 0x0000000085a00000, 0x00000000d6300000)
  object space 51200K, 43% used [0x0000000082800000,0x0000000083d869e0,0x0000000085a00000)
 Metaspace       used 34989K, capacity 35367K, committed 35496K, reserved 1081344K
  class space    used 4389K, capacity 4507K, committed 4520K, reserved 1048576K
Event: 22.178 GC heap after
Heap after GC invocations=14 (full 2):
 PSYoungGen      total 186368K, used 0K [0x00000000d6300000, 0x00000000e2800000, 0x0000000100000000)
  eden space 176128K, 0% used [0x00000000d6300000,0x00000000d6300000,0x00000000e0f00000)
  from space 10240K, 0% used [0x00000000e1980000,0x00000000e1980000,0x00000000e2380000)
  to   space 10752K, 0% used [0x00000000e0f00000,0x00000000e0f00000,0x00000000e1980000)
 ParOldGen       total 89088K, used 22757K [0x0000000082800000, 0x0000000087f00000, 0x00000000d6300000)
  object space 89088K, 25% used [0x0000000082800000,0x0000000083e394c0,0x0000000087f00000)
 Metaspace       used 34989K, capacity 35367K, committed 35496K, reserved 1081344K
  class space    used 4389K, capacity 4507K, committed 4520K, reserved 1048576K
}
Event: 29.307 GC heap before
{Heap before GC invocations=15 (full 2):
 PSYoungGen      total 186368K, used 176128K [0x00000000d6300000, 0x00000000e2800000, 0x0000000100000000)
  eden space 176128K, 100% used [0x00000000d6300000,0x00000000e0f00000,0x00000000e0f00000)
  from space 10240K, 0% used [0x00000000e1980000,0x00000000e1980000,0x00000000e2380000)
  to   space 10752K, 0% used [0x00000000e0f00000,0x00000000e0f00000,0x00000000e1980000)
 ParOldGen       total 89088K, used 22757K [0x0000000082800000, 0x0000000087f00000, 0x00000000d6300000)
  object space 89088K, 25% used [0x0000000082800000,0x0000000083e394c0,0x0000000087f00000)
 Metaspace       used 48282K, capacity 48809K, committed 49192K, reserved 1091584K
  class space    used 6202K, capacity 6331K, committed 6440K, reserved 1048576K
Event: 29.351 GC heap after
Heap after GC invocations=15 (full 2):
 PSYoungGen      total 186880K, used 10744K [0x00000000d6300000, 0x00000000e6080000, 0x0000000100000000)
  eden space 176128K, 0% used [0x00000000d6300000,0x00000000d6300000,0x00000000e0f00000)
  from space 10752K, 99% used [0x00000000e0f00000,0x00000000e197e130,0x00000000e1980000)
  to   space 13824K, 0% used [0x00000000e5300000,0x00000000e5300000,0x00000000e6080000)
 ParOldGen       total 89088K, used 27148K [0x0000000082800000, 0x0000000087f00000, 0x00000000d6300000)
  object space 89088K, 30% used [0x0000000082800000,0x0000000084283098,0x0000000087f00000)
 Metaspace       used 48282K, capacity 48809K, committed 49192K, reserved 1091584K
  class space    used 6202K, capacity 6331K, committed 6440K, reserved 1048576K
}
Event: 34.227 GC heap before
{Heap before GC invocations=16 (full 2):
 PSYoungGen      total 186880K, used 186872K [0x00000000d6300000, 0x00000000e6080000, 0x0000000100000000)
  eden space 176128K, 100% used [0x00000000d6300000,0x00000000e0f00000,0x00000000e0f00000)
  from space 10752K, 99% used [0x00000000e0f00000,0x00000000e197e130,0x00000000e1980000)
  to   space 13824K, 0% used [0x00000000e5300000,0x00000000e5300000,0x00000000e6080000)
 ParOldGen       total 89088K, used 27148K [0x0000000082800000, 0x0000000087f00000, 0x00000000d6300000)
  object space 89088K, 30% used [0x0000000082800000,0x0000000084283098,0x0000000087f00000)
 Metaspace       used 54755K, capacity 55395K, committed 55720K, reserved 1097728K
  class space    used 7135K, capacity 7302K, committed 7336K, reserved 1048576K
Event: 34.265 GC heap after
Heap after GC invocations=16 (full 2):
 PSYoungGen      total 238592K, used 9317K [0x00000000d6300000, 0x00000000e5d00000, 0x0000000100000000)
  eden space 228352K, 0% used [0x00000000d6300000,0x00000000d6300000,0x00000000e4200000)
  from space 10240K, 90% used [0x00000000e5300000,0x00000000e5c19490,0x00000000e5d00000)
  to   space 13824K, 0% used [0x00000000e4200000,0x00000000e4200000,0x00000000e4f80000)
 ParOldGen       total 89088K, used 32797K [0x0000000082800000, 0x0000000087f00000, 0x00000000d6300000)
  object space 89088K, 36% used [0x0000000082800000,0x0000000084807470,0x0000000087f00000)
 Metaspace       used 54755K, capacity 55395K, committed 55720K, reserved 1097728K
  class space    used 7135K, capacity 7302K, committed 7336K, reserved 1048576K
}

