# JRE version: Java(TM) SE Runtime Environment (8.0_181-b13) (build 1.8.0_181-b13)
# Java VM: Java HotSpot(TM) 64-Bit Server VM (25.181-b13 mixed mode windows-amd64 compressed oops)
Heap:
 PSYoungGen      total 443904K, used 64670K [0x00000000d6300000, 0x00000000f2e00000, 0x0000000100000000)
  eden space 430080K, 11% used [0x00000000d6300000,0x00000000d951c9f0,0x00000000f0700000)
  from space 13824K, 96% used [0x00000000f2080000,0x00000000f2d8aed0,0x00000000f2e00000)
  to   space 16384K, 0% used [0x00000000f0e00000,0x00000000f0e00000,0x00000000f1e00000)
 ParOldGen       total 77312K, used 29056K [0x0000000082800000, 0x0000000087380000, 0x00000000d6300000)
  object space 77312K, 37% used [0x0000000082800000,0x00000000844601f0,0x0000000087380000)
 Metaspace       used 55741K, capacity 56366K, committed 56792K, reserved 1099776K
  class space    used 7162K, capacity 7303K, committed 7384K, reserved 1048576K
GC Heap History (10 events):
Event: 26.856 GC heap before
{Heap before GC invocations=10 (full 1):
 PSYoungGen      total 232960K, used 232778K [0x00000000d6300000, 0x00000000e5380000, 0x0000000100000000)
  eden space 224256K, 100% used [0x00000000d6300000,0x00000000e3e00000,0x00000000e3e00000)
  from space 8704K, 97% used [0x00000000e4b00000,0x00000000e5352988,0x00000000e5380000)
  to   space 9728K, 0% used [0x00000000e4080000,0x00000000e4080000,0x00000000e4a00000)
 ParOldGen       total 48640K, used 6798K [0x0000000082800000, 0x0000000085780000, 0x00000000d6300000)
  object space 48640K, 13% used [0x0000000082800000,0x0000000082ea3b58,0x0000000085780000)
 Metaspace       used 32715K, capacity 33130K, committed 33408K, reserved 1079296K
  class space    used 4015K, capacity 4150K, committed 4224K, reserved 1048576K
Event: 26.886 GC heap after
Heap after GC invocations=10 (full 1):
 PSYoungGen      total 236544K, used 9703K [0x00000000d6300000, 0x00000000eaf80000, 0x0000000100000000)
  eden space 226816K, 0% used [0x00000000d6300000,0x00000000d6300000,0x00000000e4080000)
  from space 9728K, 99% used [0x00000000e4080000,0x00000000e49f9d00,0x00000000e4a00000)
  to   space 12800K, 0% used [0x00000000ea300000,0x00000000ea300000,0x00000000eaf80000)
 ParOldGen       total 48640K, used 11387K [0x0000000082800000, 0x0000000085780000, 0x00000000d6300000)
  object space 48640K, 23% used [0x0000000082800000,0x000000008331ee70,0x0000000085780000)
 Metaspace       used 32715K, capacity 33130K, committed 33408K, reserved 1079296K
  class space    used 4015K, capacity 4150K, committed 4224K, reserved 1048576K
}
Event: 27.674 GC heap before
{Heap before GC invocations=11 (full 1):
 PSYoungGen      total 236544K, used 63805K [0x00000000d6300000, 0x00000000eaf80000, 0x0000000100000000)
  eden space 226816K, 23% used [0x00000000d6300000,0x00000000d97d5888,0x00000000e4080000)
  from space 9728K, 99% used [0x00000000e4080000,0x00000000e49f9d00,0x00000000e4a00000)
  to   space 12800K, 0% used [0x00000000ea300000,0x00000000ea300000,0x00000000eaf80000)
 ParOldGen       total 48640K, used 11387K [0x0000000082800000, 0x0000000085780000, 0x00000000d6300000)
  object space 48640K, 23% used [0x0000000082800000,0x000000008331ee70,0x0000000085780000)
 Metaspace       used 34939K, capacity 35306K, committed 35416K, reserved 1081344K
  class space    used 4297K, capacity 4406K, committed 4440K, reserved 1048576K
Event: 27.697 GC heap after
Heap after GC invocations=11 (full 1):
 PSYoungGen      total 327168K, used 10869K [0x00000000d6300000, 0x00000000eb800000, 0x0000000100000000)
  eden space 314368K, 0% used [0x00000000d6300000,0x00000000d6300000,0x00000000e9600000)
  from space 12800K, 84% used [0x00000000ea300000,0x00000000ead9d5c8,0x00000000eaf80000)
  to   space 13312K, 0% used [0x00000000e9600000,0x00000000e9600000,0x00000000ea300000)
 ParOldGen       total 48640K, used 16227K [0x0000000082800000, 0x0000000085780000, 0x00000000d6300000)
  object space 48640K, 33% used [0x0000000082800000,0x00000000837d8f00,0x0000000085780000)
 Metaspace       used 34939K, capacity 35306K, committed 35416K, reserved 1081344K
  class space    used 4297K, capacity 4406K, committed 4440K, reserved 1048576K
}
Event: 27.698 GC heap before
{Heap before GC invocations=12 (full 2):
 PSYoungGen      total 327168K, used 10869K [0x00000000d6300000, 0x00000000eb800000, 0x0000000100000000)
  eden space 314368K, 0% used [0x00000000d6300000,0x00000000d6300000,0x00000000e9600000)
  from space 12800K, 84% used [0x00000000ea300000,0x00000000ead9d5c8,0x00000000eaf80000)
  to   space 13312K, 0% used [0x00000000e9600000,0x00000000e9600000,0x00000000ea300000)
 ParOldGen       total 48640K, used 16227K [0x0000000082800000, 0x0000000085780000, 0x00000000d6300000)
  object space 48640K, 33% used [0x0000000082800000,0x00000000837d8f00,0x0000000085780000)
 Metaspace       used 34939K, capacity 35306K, committed 35416K, reserved 1081344K
  class space    used 4297K, capacity 4406K, committed 4440K, reserved 1048576K
Event: 27.827 GC heap after
Heap after GC invocations=12 (full 2):
 PSYoungGen      total 327168K, used 0K [0x00000000d6300000, 0x00000000eb800000, 0x0000000100000000)
  eden space 314368K, 0% used [0x00000000d6300000,0x00000000d6300000,0x00000000e9600000)
  from space 12800K, 0% used [0x00000000ea300000,0x00000000ea300000,0x00000000eaf80000)
  to   space 13312K, 0% used [0x00000000e9600000,0x00000000e9600000,0x00000000ea300000)
 ParOldGen       total 77312K, used 20941K [0x0000000082800000, 0x0000000087380000, 0x00000000d6300000)
  object space 77312K, 27% used [0x0000000082800000,0x0000000083c735f0,0x0000000087380000)
 Metaspace       used 34939K, capacity 35306K, committed 35416K, reserved 1081344K
  class space    used 4297K, capacity 4406K, committed 4440K, reserved 1048576K
}
Event: 35.694 GC heap before
{Heap before GC invocations=13 (full 2):
 PSYoungGen      total 327168K, used 314368K [0x00000000d6300000, 0x00000000eb800000, 0x0000000100000000)
  eden space 314368K, 100% used [0x00000000d6300000,0x00000000e9600000,0x00000000e9600000)
  from space 12800K, 0% used [0x00000000ea300000,0x00000000ea300000,0x00000000eaf80000)
  to   space 13312K, 0% used [0x00000000e9600000,0x00000000e9600000,0x00000000ea300000)
 ParOldGen       total 77312K, used 20941K [0x0000000082800000, 0x0000000087380000, 0x00000000d6300000)
  object space 77312K, 27% used [0x0000000082800000,0x0000000083c735f0,0x0000000087380000)
 Metaspace       used 43803K, capacity 44436K, committed 44760K, reserved 1089536K
  class space    used 5397K, capacity 5532K, committed 5592K, reserved 1048576K
Event: 35.743 GC heap after
Heap after GC invocations=13 (full 2):
 PSYoungGen      total 327680K, used 13298K [0x00000000d6300000, 0x00000000f2f80000, 0x0000000100000000)
  eden space 314368K, 0% used [0x00000000d6300000,0x00000000d6300000,0x00000000e9600000)
  from space 13312K, 99% used [0x00000000e9600000,0x00000000ea2fc848,0x00000000ea300000)
  to   space 15360K, 0% used [0x00000000f2080000,0x00000000f2080000,0x00000000f2f80000)
 ParOldGen       total 77312K, used 21464K [0x0000000082800000, 0x0000000087380000, 0x00000000d6300000)
  object space 77312K, 27% used [0x0000000082800000,0x0000000083cf62e8,0x0000000087380000)
 Metaspace       used 43803K, capacity 44436K, committed 44760K, reserved 1089536K
  class space    used 5397K, capacity 5532K, committed 5592K, reserved 1048576K
}
Event: 73.454 GC heap before
{Heap before GC invocations=14 (full 2):
 PSYoungGen      total 327680K, used 327666K [0x00000000d6300000, 0x00000000f2f80000, 0x0000000100000000)
  eden space 314368K, 100% used [0x00000000d6300000,0x00000000e9600000,0x00000000e9600000)
  from space 13312K, 99% used [0x00000000e9600000,0x00000000ea2fc848,0x00000000ea300000)
  to   space 15360K, 0% used [0x00000000f2080000,0x00000000f2080000,0x00000000f2f80000)
 ParOldGen       total 77312K, used 21464K [0x0000000082800000, 0x0000000087380000, 0x00000000d6300000)
  object space 77312K, 27% used [0x0000000082800000,0x0000000083cf62e8,0x0000000087380000)
 Metaspace       used 53814K, capacity 54442K, committed 54872K, reserved 1097728K
  class space    used 6850K, capacity 6981K, committed 7000K, reserved 1048576K
Event: 73.538 GC heap after
Heap after GC invocations=14 (full 2):
 PSYoungGen      total 443904K, used 13355K [0x00000000d6300000, 0x00000000f2e00000, 0x0000000100000000)
  eden space 430080K, 0% used [0x00000000d6300000,0x00000000d6300000,0x00000000f0700000)
  from space 13824K, 96% used [0x00000000f2080000,0x00000000f2d8aed0,0x00000000f2e00000)
  to   space 16384K, 0% used [0x00000000f0e00000,0x00000000f0e00000,0x00000000f1e00000)
 ParOldGen       total 77312K, used 29056K [0x0000000082800000, 0x0000000087380000, 0x00000000d6300000)
  object space 77312K, 37% used [0x0000000082800000,0x00000000844601f0,0x0000000087380000)
 Metaspace       used 53814K, capacity 54442K, committed 54872K, reserved 1097728K
  class space    used 6850K, capacity 6981K, committed 7000K, reserved 1048576K
}

