# JRE version: Java(TM) SE Runtime Environment (8.0_181-b13) (build 1.8.0_181-b13)
# Java VM: Java HotSpot(TM) 64-Bit Server VM (25.181-b13 mixed mode windows-amd64 compressed oops)
Heap:
 PSYoungGen      total 263680K, used 234502K [0x00000000d6300000, 0x00000000ee980000, 0x0000000100000000)
  eden space 249856K, 88% used [0x00000000d6300000,0x00000000e3a88c58,0x00000000e5700000)
  from space 13824K, 99% used [0x00000000e5700000,0x00000000e6478d40,0x00000000e6480000)
  to   space 17920K, 0% used [0x00000000ed800000,0x00000000ed800000,0x00000000ee980000)
 ParOldGen       total 76288K, used 26538K [0x0000000082800000, 0x0000000087280000, 0x00000000d6300000)
  object space 76288K, 34% used [0x0000000082800000,0x00000000841ea838,0x0000000087280000)
 Metaspace       used 54904K, capacity 55523K, committed 55924K, reserved 1097728K
  class space    used 7030K, capacity 7174K, committed 7284K, reserved 1048576K
GC Heap History (10 events):
Event: 13.393 GC heap before
{Heap before GC invocations=9 (full 1):
 PSYoungGen      total 135168K, used 135150K [0x00000000d6300000, 0x00000000e2900000, 0x0000000100000000)
  eden space 126976K, 100% used [0x00000000d6300000,0x00000000ddf00000,0x00000000ddf00000)
  from space 8192K, 99% used [0x00000000ddf00000,0x00000000de6fb990,0x00000000de700000)
  to   space 9216K, 0% used [0x00000000e2000000,0x00000000e2000000,0x00000000e2900000)
 ParOldGen       total 50688K, used 6817K [0x0000000082800000, 0x0000000085980000, 0x00000000d6300000)
  object space 50688K, 13% used [0x0000000082800000,0x0000000082ea8690,0x0000000085980000)
 Metaspace       used 30662K, capacity 31000K, committed 31104K, reserved 1077248K
  class space    used 3817K, capacity 3917K, committed 3968K, reserved 1048576K
Event: 13.419 GC heap after
Heap after GC invocations=9 (full 1):
 PSYoungGen      total 190464K, used 9200K [0x00000000d6300000, 0x00000000e4500000, 0x0000000100000000)
  eden space 181248K, 0% used [0x00000000d6300000,0x00000000d6300000,0x00000000e1400000)
  from space 9216K, 99% used [0x00000000e2000000,0x00000000e28fc208,0x00000000e2900000)
  to   space 12288K, 0% used [0x00000000e1400000,0x00000000e1400000,0x00000000e2000000)
 ParOldGen       total 50688K, used 12388K [0x0000000082800000, 0x0000000085980000, 0x00000000d6300000)
  object space 50688K, 24% used [0x0000000082800000,0x00000000834193f8,0x0000000085980000)
 Metaspace       used 30662K, capacity 31000K, committed 31104K, reserved 1077248K
  class space    used 3817K, capacity 3917K, committed 3968K, reserved 1048576K
}
Event: 14.531 GC heap before
{Heap before GC invocations=10 (full 1):
 PSYoungGen      total 190464K, used 91112K [0x00000000d6300000, 0x00000000e4500000, 0x0000000100000000)
  eden space 181248K, 45% used [0x00000000d6300000,0x00000000db2fe0a0,0x00000000e1400000)
  from space 9216K, 99% used [0x00000000e2000000,0x00000000e28fc208,0x00000000e2900000)
  to   space 12288K, 0% used [0x00000000e1400000,0x00000000e1400000,0x00000000e2000000)
 ParOldGen       total 50688K, used 12388K [0x0000000082800000, 0x0000000085980000, 0x00000000d6300000)
  object space 50688K, 24% used [0x0000000082800000,0x00000000834193f8,0x0000000085980000)
 Metaspace       used 34853K, capacity 35402K, committed 35712K, reserved 1081344K
  class space    used 4298K, capacity 4463K, committed 4480K, reserved 1048576K
Event: 14.549 GC heap after
Heap after GC invocations=10 (full 1):
 PSYoungGen      total 193536K, used 12024K [0x00000000d6300000, 0x00000000e7200000, 0x0000000100000000)
  eden space 181248K, 0% used [0x00000000d6300000,0x00000000d6300000,0x00000000e1400000)
  from space 12288K, 97% used [0x00000000e1400000,0x00000000e1fbe248,0x00000000e2000000)
  to   space 13824K, 0% used [0x00000000e6480000,0x00000000e6480000,0x00000000e7200000)
 ParOldGen       total 50688K, used 14305K [0x0000000082800000, 0x0000000085980000, 0x00000000d6300000)
  object space 50688K, 28% used [0x0000000082800000,0x00000000835f8520,0x0000000085980000)
 Metaspace       used 34853K, capacity 35402K, committed 35712K, reserved 1081344K
  class space    used 4298K, capacity 4463K, committed 4480K, reserved 1048576K
}
Event: 14.642 GC heap before
{Heap before GC invocations=11 (full 1):
 PSYoungGen      total 193536K, used 21071K [0x00000000d6300000, 0x00000000e7200000, 0x0000000100000000)
  eden space 181248K, 4% used [0x00000000d6300000,0x00000000d6bd59f0,0x00000000e1400000)
  from space 12288K, 97% used [0x00000000e1400000,0x00000000e1fbe248,0x00000000e2000000)
  to   space 13824K, 0% used [0x00000000e6480000,0x00000000e6480000,0x00000000e7200000)
 ParOldGen       total 50688K, used 14305K [0x0000000082800000, 0x0000000085980000, 0x00000000d6300000)
  object space 50688K, 28% used [0x0000000082800000,0x00000000835f8520,0x0000000085980000)
 Metaspace       used 35190K, capacity 35657K, committed 35828K, reserved 1081344K
  class space    used 4332K, capacity 4501K, committed 4596K, reserved 1048576K
Event: 14.655 GC heap after
Heap after GC invocations=11 (full 1):
 PSYoungGen      total 263680K, used 3633K [0x00000000d6300000, 0x00000000e8600000, 0x0000000100000000)
  eden space 249856K, 0% used [0x00000000d6300000,0x00000000d6300000,0x00000000e5700000)
  from space 13824K, 26% used [0x00000000e6480000,0x00000000e680c4f8,0x00000000e7200000)
  to   space 13824K, 0% used [0x00000000e5700000,0x00000000e5700000,0x00000000e6480000)
 ParOldGen       total 50688K, used 21568K [0x0000000082800000, 0x0000000085980000, 0x00000000d6300000)
  object space 50688K, 42% used [0x0000000082800000,0x0000000083d103f8,0x0000000085980000)
 Metaspace       used 35190K, capacity 35657K, committed 35828K, reserved 1081344K
  class space    used 4332K, capacity 4501K, committed 4596K, reserved 1048576K
}
Event: 14.655 GC heap before
{Heap before GC invocations=12 (full 2):
 PSYoungGen      total 263680K, used 3633K [0x00000000d6300000, 0x00000000e8600000, 0x0000000100000000)
  eden space 249856K, 0% used [0x00000000d6300000,0x00000000d6300000,0x00000000e5700000)
  from space 13824K, 26% used [0x00000000e6480000,0x00000000e680c4f8,0x00000000e7200000)
  to   space 13824K, 0% used [0x00000000e5700000,0x00000000e5700000,0x00000000e6480000)
 ParOldGen       total 50688K, used 21568K [0x0000000082800000, 0x0000000085980000, 0x00000000d6300000)
  object space 50688K, 42% used [0x0000000082800000,0x0000000083d103f8,0x0000000085980000)
 Metaspace       used 35190K, capacity 35657K, committed 35828K, reserved 1081344K
  class space    used 4332K, capacity 4501K, committed 4596K, reserved 1048576K
Event: 14.762 GC heap after
Heap after GC invocations=12 (full 2):
 PSYoungGen      total 263680K, used 0K [0x00000000d6300000, 0x00000000e8600000, 0x0000000100000000)
  eden space 249856K, 0% used [0x00000000d6300000,0x00000000d6300000,0x00000000e5700000)
  from space 13824K, 0% used [0x00000000e6480000,0x00000000e6480000,0x00000000e7200000)
  to   space 13824K, 0% used [0x00000000e5700000,0x00000000e5700000,0x00000000e6480000)
 ParOldGen       total 76288K, used 20283K [0x0000000082800000, 0x0000000087280000, 0x00000000d6300000)
  object space 76288K, 26% used [0x0000000082800000,0x0000000083bcee98,0x0000000087280000)
 Metaspace       used 35190K, capacity 35657K, committed 35828K, reserved 1081344K
  class space    used 4332K, capacity 4501K, committed 4596K, reserved 1048576K
}
Event: 20.684 GC heap before
{Heap before GC invocations=13 (full 2):
 PSYoungGen      total 263680K, used 249856K [0x00000000d6300000, 0x00000000e8600000, 0x0000000100000000)
  eden space 249856K, 100% used [0x00000000d6300000,0x00000000e5700000,0x00000000e5700000)
  from space 13824K, 0% used [0x00000000e6480000,0x00000000e6480000,0x00000000e7200000)
  to   space 13824K, 0% used [0x00000000e5700000,0x00000000e5700000,0x00000000e6480000)
 ParOldGen       total 76288K, used 20283K [0x0000000082800000, 0x0000000087280000, 0x00000000d6300000)
  object space 76288K, 26% used [0x0000000082800000,0x0000000083bcee98,0x0000000087280000)
 Metaspace       used 49264K, capacity 49809K, committed 50036K, reserved 1093632K
  class space    used 6319K, capacity 6455K, committed 6516K, reserved 1048576K
Event: 20.758 GC heap after
Heap after GC invocations=13 (full 2):
 PSYoungGen      total 263680K, used 13795K [0x00000000d6300000, 0x00000000ee980000, 0x0000000100000000)
  eden space 249856K, 0% used [0x00000000d6300000,0x00000000d6300000,0x00000000e5700000)
  from space 13824K, 99% used [0x00000000e5700000,0x00000000e6478d40,0x00000000e6480000)
  to   space 17920K, 0% used [0x00000000ed800000,0x00000000ed800000,0x00000000ee980000)
 ParOldGen       total 76288K, used 26538K [0x0000000082800000, 0x0000000087280000, 0x00000000d6300000)
  object space 76288K, 34% used [0x0000000082800000,0x00000000841ea838,0x0000000087280000)
 Metaspace       used 49264K, capacity 49809K, committed 50036K, reserved 1093632K
  class space    used 6319K, capacity 6455K, committed 6516K, reserved 1048576K
}

