# JRE version: Java(TM) SE Runtime Environment (8.0_181-b13) (build 1.8.0_181-b13)
# Java VM: Java HotSpot(TM) 64-Bit Server VM (25.181-b13 mixed mode windows-amd64 compressed oops)
Heap:
 PSYoungGen      total 135168K, used 106010K [0x00000000d6300000, 0x00000000e3d80000, 0x0000000100000000)
  eden space 126976K, 77% used [0x00000000d6300000,0x00000000dc28d1b8,0x00000000ddf00000)
  from space 8192K, 99% used [0x00000000ddf00000,0x00000000de6f9668,0x00000000de700000)
  to   space 9216K, 0% used [0x00000000e3480000,0x00000000e3480000,0x00000000e3d80000)
 ParOldGen       total 48640K, used 7220K [0x0000000082800000, 0x0000000085780000, 0x00000000d6300000)
  object space 48640K, 14% used [0x0000000082800000,0x0000000082f0d098,0x0000000085780000)
 Metaspace       used 30215K, capacity 30552K, committed 30848K, reserved 1077248K
  class space    used 3753K, capacity 3853K, committed 3968K, reserved 1048576K
GC Heap History (10 events):
Event: 13.302 GC heap before
{Heap before GC invocations=4 (full 0):
 PSYoungGen      total 37888K, used 37876K [0x00000000d6300000, 0x00000000dad00000, 0x0000000100000000)
  eden space 32768K, 100% used [0x00000000d6300000,0x00000000d8300000,0x00000000d8300000)
  from space 5120K, 99% used [0x00000000d8300000,0x00000000d87fd3c0,0x00000000d8800000)
  to   space 5120K, 0% used [0x00000000da800000,0x00000000da800000,0x00000000dad00000)
 ParOldGen       total 86016K, used 2904K [0x0000000082800000, 0x0000000087c00000, 0x00000000d6300000)
  object space 86016K, 3% used [0x0000000082800000,0x0000000082ad6070,0x0000000087c00000)
 Metaspace       used 19549K, capacity 19698K, committed 19840K, reserved 1067008K
  class space    used 2379K, capacity 2414K, committed 2432K, reserved 1048576K
Event: 13.314 GC heap after
Heap after GC invocations=4 (full 0):
 PSYoungGen      total 70656K, used 5106K [0x00000000d6300000, 0x00000000dad00000, 0x0000000100000000)
  eden space 65536K, 0% used [0x00000000d6300000,0x00000000d6300000,0x00000000da300000)
  from space 5120K, 99% used [0x00000000da800000,0x00000000dacfcb40,0x00000000dad00000)
  to   space 5120K, 0% used [0x00000000da300000,0x00000000da300000,0x00000000da800000)
 ParOldGen       total 86016K, used 4627K [0x0000000082800000, 0x0000000087c00000, 0x00000000d6300000)
  object space 86016K, 5% used [0x0000000082800000,0x0000000082c84f20,0x0000000087c00000)
 Metaspace       used 19549K, capacity 19698K, committed 19840K, reserved 1067008K
  class space    used 2379K, capacity 2414K, committed 2432K, reserved 1048576K
}
Event: 13.537 GC heap before
{Heap before GC invocations=5 (full 0):
 PSYoungGen      total 70656K, used 17043K [0x00000000d6300000, 0x00000000dad00000, 0x0000000100000000)
  eden space 65536K, 18% used [0x00000000d6300000,0x00000000d6ea81c8,0x00000000da300000)
  from space 5120K, 99% used [0x00000000da800000,0x00000000dacfcb40,0x00000000dad00000)
  to   space 5120K, 0% used [0x00000000da300000,0x00000000da300000,0x00000000da800000)
 ParOldGen       total 86016K, used 4627K [0x0000000082800000, 0x0000000087c00000, 0x00000000d6300000)
  object space 86016K, 5% used [0x0000000082800000,0x0000000082c84f20,0x0000000087c00000)
 Metaspace       used 20922K, capacity 21134K, committed 21296K, reserved 1069056K
  class space    used 2562K, capacity 2630K, committed 2688K, reserved 1048576K
Event: 13.557 GC heap after
Heap after GC invocations=5 (full 0):
 PSYoungGen      total 70656K, used 5090K [0x00000000d6300000, 0x00000000df200000, 0x0000000100000000)
  eden space 65536K, 0% used [0x00000000d6300000,0x00000000d6300000,0x00000000da300000)
  from space 5120K, 99% used [0x00000000da300000,0x00000000da7f8b50,0x00000000da800000)
  to   space 7680K, 0% used [0x00000000dea80000,0x00000000dea80000,0x00000000df200000)
 ParOldGen       total 86016K, used 5702K [0x0000000082800000, 0x0000000087c00000, 0x00000000d6300000)
  object space 86016K, 6% used [0x0000000082800000,0x0000000082d91aa8,0x0000000087c00000)
 Metaspace       used 20922K, capacity 21134K, committed 21296K, reserved 1069056K
  class space    used 2562K, capacity 2630K, committed 2688K, reserved 1048576K
}
Event: 13.557 GC heap before
{Heap before GC invocations=6 (full 1):
 PSYoungGen      total 70656K, used 5090K [0x00000000d6300000, 0x00000000df200000, 0x0000000100000000)
  eden space 65536K, 0% used [0x00000000d6300000,0x00000000d6300000,0x00000000da300000)
  from space 5120K, 99% used [0x00000000da300000,0x00000000da7f8b50,0x00000000da800000)
  to   space 7680K, 0% used [0x00000000dea80000,0x00000000dea80000,0x00000000df200000)
 ParOldGen       total 86016K, used 5702K [0x0000000082800000, 0x0000000087c00000, 0x00000000d6300000)
  object space 86016K, 6% used [0x0000000082800000,0x0000000082d91aa8,0x0000000087c00000)
 Metaspace       used 20922K, capacity 21134K, committed 21296K, reserved 1069056K
  class space    used 2562K, capacity 2630K, committed 2688K, reserved 1048576K
Event: 13.647 GC heap after
Heap after GC invocations=6 (full 1):
 PSYoungGen      total 70656K, used 0K [0x00000000d6300000, 0x00000000df200000, 0x0000000100000000)
  eden space 65536K, 0% used [0x00000000d6300000,0x00000000d6300000,0x00000000da300000)
  from space 5120K, 0% used [0x00000000da300000,0x00000000da300000,0x00000000da800000)
  to   space 7680K, 0% used [0x00000000dea80000,0x00000000dea80000,0x00000000df200000)
 ParOldGen       total 48640K, used 6466K [0x0000000082800000, 0x0000000085780000, 0x00000000d6300000)
  object space 48640K, 13% used [0x0000000082800000,0x0000000082e50b78,0x0000000085780000)
 Metaspace       used 20922K, capacity 21134K, committed 21296K, reserved 1069056K
  class space    used 2562K, capacity 2630K, committed 2688K, reserved 1048576K
}
Event: 17.495 GC heap before
{Heap before GC invocations=7 (full 1):
 PSYoungGen      total 70656K, used 65536K [0x00000000d6300000, 0x00000000df200000, 0x0000000100000000)
  eden space 65536K, 100% used [0x00000000d6300000,0x00000000da300000,0x00000000da300000)
  from space 5120K, 0% used [0x00000000da300000,0x00000000da300000,0x00000000da800000)
  to   space 7680K, 0% used [0x00000000dea80000,0x00000000dea80000,0x00000000df200000)
 ParOldGen       total 48640K, used 6466K [0x0000000082800000, 0x0000000085780000, 0x00000000d6300000)
  object space 48640K, 13% used [0x0000000082800000,0x0000000082e50b78,0x0000000085780000)
 Metaspace       used 22964K, capacity 23286K, committed 23344K, reserved 1069056K
  class space    used 2836K, capacity 2930K, committed 2944K, reserved 1048576K
Event: 17.547 GC heap after
Heap after GC invocations=7 (full 1):
 PSYoungGen      total 121856K, used 4272K [0x00000000d6300000, 0x00000000def00000, 0x0000000100000000)
  eden space 117248K, 0% used [0x00000000d6300000,0x00000000d6300000,0x00000000dd580000)
  from space 4608K, 92% used [0x00000000dea80000,0x00000000deeac010,0x00000000def00000)
  to   space 8192K, 0% used [0x00000000ddf00000,0x00000000ddf00000,0x00000000de700000)
 ParOldGen       total 48640K, used 6466K [0x0000000082800000, 0x0000000085780000, 0x00000000d6300000)
  object space 48640K, 13% used [0x0000000082800000,0x0000000082e50b78,0x0000000085780000)
 Metaspace       used 22964K, capacity 23286K, committed 23344K, reserved 1069056K
  class space    used 2836K, capacity 2930K, committed 2944K, reserved 1048576K
}
Event: 21.642 GC heap before
{Heap before GC invocations=8 (full 1):
 PSYoungGen      total 121856K, used 121520K [0x00000000d6300000, 0x00000000def00000, 0x0000000100000000)
  eden space 117248K, 100% used [0x00000000d6300000,0x00000000dd580000,0x00000000dd580000)
  from space 4608K, 92% used [0x00000000dea80000,0x00000000deeac010,0x00000000def00000)
  to   space 8192K, 0% used [0x00000000ddf00000,0x00000000ddf00000,0x00000000de700000)
 ParOldGen       total 48640K, used 6466K [0x0000000082800000, 0x0000000085780000, 0x00000000d6300000)
  object space 48640K, 13% used [0x0000000082800000,0x0000000082e50b78,0x0000000085780000)
 Metaspace       used 26472K, capacity 26786K, committed 27008K, reserved 1073152K
  class space    used 3293K, capacity 3396K, committed 3456K, reserved 1048576K
Event: 21.664 GC heap after
Heap after GC invocations=8 (full 1):
 PSYoungGen      total 135168K, used 8165K [0x00000000d6300000, 0x00000000e3d80000, 0x0000000100000000)
  eden space 126976K, 0% used [0x00000000d6300000,0x00000000d6300000,0x00000000ddf00000)
  from space 8192K, 99% used [0x00000000ddf00000,0x00000000de6f9668,0x00000000de700000)
  to   space 9216K, 0% used [0x00000000e3480000,0x00000000e3480000,0x00000000e3d80000)
 ParOldGen       total 48640K, used 7220K [0x0000000082800000, 0x0000000085780000, 0x00000000d6300000)
  object space 48640K, 14% used [0x0000000082800000,0x0000000082f0d098,0x0000000085780000)
 Metaspace       used 26472K, capacity 26786K, committed 27008K, reserved 1073152K
  class space    used 3293K, capacity 3396K, committed 3456K, reserved 1048576K
}

