# JRE version: Java(TM) SE Runtime Environment (8.0_181-b13) (build 1.8.0_181-b13)
# Java VM: Java HotSpot(TM) 64-Bit Server VM (25.181-b13 mixed mode windows-amd64 compressed oops)
Heap:
 PSYoungGen      total 278016K, used 38095K [0x00000000d6300000, 0x00000000ebf00000, 0x0000000100000000)
  eden space 261120K, 11% used [0x00000000d6300000,0x00000000d809df48,0x00000000e6200000)
  from space 16896K, 45% used [0x00000000e6200000,0x00000000e6996018,0x00000000e7280000)
  to   space 16384K, 0% used [0x00000000eaf00000,0x00000000eaf00000,0x00000000ebf00000)
 ParOldGen       total 83968K, used 32468K [0x0000000082800000, 0x0000000087a00000, 0x00000000d6300000)
  object space 83968K, 38% used [0x0000000082800000,0x00000000847b5120,0x0000000087a00000)
 Metaspace       used 55194K, capacity 55784K, committed 56192K, reserved 1097728K
  class space    used 7085K, capacity 7238K, committed 7296K, reserved 1048576K
GC Heap History (10 events):
Event: 11.561 GC heap before
{Heap before GC invocations=9 (full 1):
 PSYoungGen      total 135168K, used 135147K [0x00000000d6300000, 0x00000000e3200000, 0x0000000100000000)
  eden space 126976K, 100% used [0x00000000d6300000,0x00000000ddf00000,0x00000000ddf00000)
  from space 8192K, 99% used [0x00000000ddf00000,0x00000000de6facf0,0x00000000de700000)
  to   space 9216K, 0% used [0x00000000e2900000,0x00000000e2900000,0x00000000e3200000)
 ParOldGen       total 49664K, used 6872K [0x0000000082800000, 0x0000000085880000, 0x00000000d6300000)
  object space 49664K, 13% used [0x0000000082800000,0x0000000082eb6110,0x0000000085880000)
 Metaspace       used 30642K, capacity 31000K, committed 31104K, reserved 1077248K
  class space    used 3816K, capacity 3917K, committed 3968K, reserved 1048576K
Event: 11.578 GC heap after
Heap after GC invocations=9 (full 1):
 PSYoungGen      total 199680K, used 9205K [0x00000000d6300000, 0x00000000e4980000, 0x0000000100000000)
  eden space 190464K, 0% used [0x00000000d6300000,0x00000000d6300000,0x00000000e1d00000)
  from space 9216K, 99% used [0x00000000e2900000,0x00000000e31fd6f8,0x00000000e3200000)
  to   space 12288K, 0% used [0x00000000e1d00000,0x00000000e1d00000,0x00000000e2900000)
 ParOldGen       total 49664K, used 12449K [0x0000000082800000, 0x0000000085880000, 0x00000000d6300000)
  object space 49664K, 25% used [0x0000000082800000,0x0000000083428460,0x0000000085880000)
 Metaspace       used 30642K, capacity 31000K, committed 31104K, reserved 1077248K
  class space    used 3816K, capacity 3917K, committed 3968K, reserved 1048576K
}
Event: 12.883 GC heap before
{Heap before GC invocations=10 (full 1):
 PSYoungGen      total 199680K, used 90805K [0x00000000d6300000, 0x00000000e4980000, 0x0000000100000000)
  eden space 190464K, 42% used [0x00000000d6300000,0x00000000db2b0090,0x00000000e1d00000)
  from space 9216K, 99% used [0x00000000e2900000,0x00000000e31fd6f8,0x00000000e3200000)
  to   space 12288K, 0% used [0x00000000e1d00000,0x00000000e1d00000,0x00000000e2900000)
 ParOldGen       total 49664K, used 12449K [0x0000000082800000, 0x0000000085880000, 0x00000000d6300000)
  object space 49664K, 25% used [0x0000000082800000,0x0000000083428460,0x0000000085880000)
 Metaspace       used 34853K, capacity 35338K, committed 35456K, reserved 1081344K
  class space    used 4303K, capacity 4463K, committed 4480K, reserved 1048576K
Event: 12.907 GC heap after
Heap after GC invocations=10 (full 1):
 PSYoungGen      total 202752K, used 12079K [0x00000000d6300000, 0x00000000e8300000, 0x0000000100000000)
  eden space 190464K, 0% used [0x00000000d6300000,0x00000000d6300000,0x00000000e1d00000)
  from space 12288K, 98% used [0x00000000e1d00000,0x00000000e28cbfa0,0x00000000e2900000)
  to   space 13824K, 0% used [0x00000000e7580000,0x00000000e7580000,0x00000000e8300000)
 ParOldGen       total 49664K, used 14357K [0x0000000082800000, 0x0000000085880000, 0x00000000d6300000)
  object space 49664K, 28% used [0x0000000082800000,0x0000000083605778,0x0000000085880000)
 Metaspace       used 34853K, capacity 35338K, committed 35456K, reserved 1081344K
  class space    used 4303K, capacity 4463K, committed 4480K, reserved 1048576K
}
Event: 12.907 GC heap before
{Heap before GC invocations=11 (full 2):
 PSYoungGen      total 202752K, used 12079K [0x00000000d6300000, 0x00000000e8300000, 0x0000000100000000)
  eden space 190464K, 0% used [0x00000000d6300000,0x00000000d6300000,0x00000000e1d00000)
  from space 12288K, 98% used [0x00000000e1d00000,0x00000000e28cbfa0,0x00000000e2900000)
  to   space 13824K, 0% used [0x00000000e7580000,0x00000000e7580000,0x00000000e8300000)
 ParOldGen       total 49664K, used 14357K [0x0000000082800000, 0x0000000085880000, 0x00000000d6300000)
  object space 49664K, 28% used [0x0000000082800000,0x0000000083605778,0x0000000085880000)
 Metaspace       used 34853K, capacity 35338K, committed 35456K, reserved 1081344K
  class space    used 4303K, capacity 4463K, committed 4480K, reserved 1048576K
Event: 13.049 GC heap after
Heap after GC invocations=11 (full 2):
 PSYoungGen      total 202752K, used 0K [0x00000000d6300000, 0x00000000e8300000, 0x0000000100000000)
  eden space 190464K, 0% used [0x00000000d6300000,0x00000000d6300000,0x00000000e1d00000)
  from space 12288K, 0% used [0x00000000e1d00000,0x00000000e1d00000,0x00000000e2900000)
  to   space 13824K, 0% used [0x00000000e7580000,0x00000000e7580000,0x00000000e8300000)
 ParOldGen       total 83968K, used 21468K [0x0000000082800000, 0x0000000087a00000, 0x00000000d6300000)
  object space 83968K, 25% used [0x0000000082800000,0x0000000083cf7070,0x0000000087a00000)
 Metaspace       used 34853K, capacity 35338K, committed 35456K, reserved 1081344K
  class space    used 4303K, capacity 4463K, committed 4480K, reserved 1048576K
}
Event: 17.000 GC heap before
{Heap before GC invocations=12 (full 2):
 PSYoungGen      total 202752K, used 190464K [0x00000000d6300000, 0x00000000e8300000, 0x0000000100000000)
  eden space 190464K, 100% used [0x00000000d6300000,0x00000000e1d00000,0x00000000e1d00000)
  from space 12288K, 0% used [0x00000000e1d00000,0x00000000e1d00000,0x00000000e2900000)
  to   space 13824K, 0% used [0x00000000e7580000,0x00000000e7580000,0x00000000e8300000)
 ParOldGen       total 83968K, used 21468K [0x0000000082800000, 0x0000000087a00000, 0x00000000d6300000)
  object space 83968K, 25% used [0x0000000082800000,0x0000000083cf7070,0x0000000087a00000)
 Metaspace       used 48517K, capacity 49086K, committed 49408K, reserved 1091584K
  class space    used 6249K, capacity 6387K, committed 6400K, reserved 1048576K
Event: 17.035 GC heap after
Heap after GC invocations=12 (full 2):
 PSYoungGen      total 265216K, used 13822K [0x00000000d6300000, 0x00000000e8300000, 0x0000000100000000)
  eden space 251392K, 0% used [0x00000000d6300000,0x00000000d6300000,0x00000000e5880000)
  from space 13824K, 99% used [0x00000000e7580000,0x00000000e82ffa28,0x00000000e8300000)
  to   space 16896K, 0% used [0x00000000e6200000,0x00000000e6200000,0x00000000e7280000)
 ParOldGen       total 83968K, used 25937K [0x0000000082800000, 0x0000000087a00000, 0x00000000d6300000)
  object space 83968K, 30% used [0x0000000082800000,0x0000000084154538,0x0000000087a00000)
 Metaspace       used 48517K, capacity 49086K, committed 49408K, reserved 1091584K
  class space    used 6249K, capacity 6387K, committed 6400K, reserved 1048576K
}
Event: 26.366 GC heap before
{Heap before GC invocations=13 (full 2):
 PSYoungGen      total 265216K, used 265214K [0x00000000d6300000, 0x00000000e8300000, 0x0000000100000000)
  eden space 251392K, 100% used [0x00000000d6300000,0x00000000e5880000,0x00000000e5880000)
  from space 13824K, 99% used [0x00000000e7580000,0x00000000e82ffa28,0x00000000e8300000)
  to   space 16896K, 0% used [0x00000000e6200000,0x00000000e6200000,0x00000000e7280000)
 ParOldGen       total 83968K, used 25937K [0x0000000082800000, 0x0000000087a00000, 0x00000000d6300000)
  object space 83968K, 30% used [0x0000000082800000,0x0000000084154538,0x0000000087a00000)
 Metaspace       used 52802K, capacity 53372K, committed 53888K, reserved 1095680K
  class space    used 6810K, capacity 6948K, committed 7040K, reserved 1048576K
Event: 26.402 GC heap after
Heap after GC invocations=13 (full 2):
 PSYoungGen      total 278016K, used 7768K [0x00000000d6300000, 0x00000000ebf00000, 0x0000000100000000)
  eden space 261120K, 0% used [0x00000000d6300000,0x00000000d6300000,0x00000000e6200000)
  from space 16896K, 45% used [0x00000000e6200000,0x00000000e6996018,0x00000000e7280000)
  to   space 16384K, 0% used [0x00000000eaf00000,0x00000000eaf00000,0x00000000ebf00000)
 ParOldGen       total 83968K, used 32468K [0x0000000082800000, 0x0000000087a00000, 0x00000000d6300000)
  object space 83968K, 38% used [0x0000000082800000,0x00000000847b5120,0x0000000087a00000)
 Metaspace       used 52802K, capacity 53372K, committed 53888K, reserved 1095680K
  class space    used 6810K, capacity 6948K, committed 7040K, reserved 1048576K
}

