# JRE version: Java(TM) SE Runtime Environment (8.0_181-b13) (build 1.8.0_181-b13)
# Java VM: Java HotSpot(TM) 64-Bit Server VM (25.181-b13 mixed mode windows-amd64 compressed oops)
Heap:
 PSYoungGen      total 352768K, used 67702K [0x00000000d6300000, 0x00000000f3980000, 0x0000000100000000)
  eden space 336896K, 15% used [0x00000000d6300000,0x00000000d959fcc8,0x00000000eac00000)
  from space 15872K, 99% used [0x00000000eac00000,0x00000000ebb7dcf0,0x00000000ebb80000)
  to   space 19968K, 0% used [0x00000000f2600000,0x00000000f2600000,0x00000000f3980000)
 ParOldGen       total 92672K, used 25862K [0x0000000082800000, 0x0000000088280000, 0x00000000d6300000)
  object space 92672K, 27% used [0x0000000082800000,0x0000000084141a70,0x0000000088280000)
 Metaspace       used 51332K, capacity 51932K, committed 52312K, reserved 1095680K
  class space    used 6569K, capacity 6710K, committed 6744K, reserved 1048576K
GC Heap History (10 events):
Event: 14.932 GC heap before
{Heap before GC invocations=7 (full 1):
 PSYoungGen      total 136192K, used 131072K [0x00000000d6300000, 0x00000000e7600000, 0x0000000100000000)
  eden space 131072K, 100% used [0x00000000d6300000,0x00000000de300000,0x00000000de300000)
  from space 5120K, 0% used [0x00000000de300000,0x00000000de300000,0x00000000de800000)
  to   space 9728K, 0% used [0x00000000e6c80000,0x00000000e6c80000,0x00000000e7600000)
 ParOldGen       total 54784K, used 7571K [0x0000000082800000, 0x0000000085d80000, 0x00000000d6300000)
  object space 54784K, 13% used [0x0000000082800000,0x0000000082f64ed8,0x0000000085d80000)
 Metaspace       used 25872K, capacity 26164K, committed 26624K, reserved 1073152K
  class space    used 3151K, capacity 3221K, committed 3328K, reserved 1048576K
Event: 14.943 GC heap after
Heap after GC invocations=7 (full 1):
 PSYoungGen      total 221184K, used 6399K [0x00000000d6300000, 0x00000000e7300000, 0x0000000100000000)
  eden space 214528K, 0% used [0x00000000d6300000,0x00000000d6300000,0x00000000e3480000)
  from space 6656K, 96% used [0x00000000e6c80000,0x00000000e72bff98,0x00000000e7300000)
  to   space 9216K, 0% used [0x00000000e6100000,0x00000000e6100000,0x00000000e6a00000)
 ParOldGen       total 54784K, used 7579K [0x0000000082800000, 0x0000000085d80000, 0x00000000d6300000)
  object space 54784K, 13% used [0x0000000082800000,0x0000000082f66ed8,0x0000000085d80000)
 Metaspace       used 25872K, capacity 26164K, committed 26624K, reserved 1073152K
  class space    used 3151K, capacity 3221K, committed 3328K, reserved 1048576K
}
Event: 19.898 GC heap before
{Heap before GC invocations=8 (full 1):
 PSYoungGen      total 221184K, used 220927K [0x00000000d6300000, 0x00000000e7300000, 0x0000000100000000)
  eden space 214528K, 100% used [0x00000000d6300000,0x00000000e3480000,0x00000000e3480000)
  from space 6656K, 96% used [0x00000000e6c80000,0x00000000e72bff98,0x00000000e7300000)
  to   space 9216K, 0% used [0x00000000e6100000,0x00000000e6100000,0x00000000e6a00000)
 ParOldGen       total 54784K, used 7579K [0x0000000082800000, 0x0000000085d80000, 0x00000000d6300000)
  object space 54784K, 13% used [0x0000000082800000,0x0000000082f66ed8,0x0000000085d80000)
 Metaspace       used 30132K, capacity 30500K, committed 30720K, reserved 1077248K
  class space    used 3687K, capacity 3789K, committed 3840K, reserved 1048576K
Event: 19.916 GC heap after
Heap after GC invocations=8 (full 1):
 PSYoungGen      total 269312K, used 9187K [0x00000000d6300000, 0x00000000ec700000, 0x0000000100000000)
  eden space 260096K, 0% used [0x00000000d6300000,0x00000000d6300000,0x00000000e6100000)
  from space 9216K, 99% used [0x00000000e6100000,0x00000000e69f8d60,0x00000000e6a00000)
  to   space 11776K, 0% used [0x00000000ebb80000,0x00000000ebb80000,0x00000000ec700000)
 ParOldGen       total 54784K, used 9636K [0x0000000082800000, 0x0000000085d80000, 0x00000000d6300000)
  object space 54784K, 17% used [0x0000000082800000,0x0000000083169320,0x0000000085d80000)
 Metaspace       used 30132K, capacity 30500K, committed 30720K, reserved 1077248K
  class space    used 3687K, capacity 3789K, committed 3840K, reserved 1048576K
}
Event: 23.172 GC heap before
{Heap before GC invocations=9 (full 1):
 PSYoungGen      total 269312K, used 223509K [0x00000000d6300000, 0x00000000ec700000, 0x0000000100000000)
  eden space 260096K, 82% used [0x00000000d6300000,0x00000000e344c9e0,0x00000000e6100000)
  from space 9216K, 99% used [0x00000000e6100000,0x00000000e69f8d60,0x00000000e6a00000)
  to   space 11776K, 0% used [0x00000000ebb80000,0x00000000ebb80000,0x00000000ec700000)
 ParOldGen       total 54784K, used 9636K [0x0000000082800000, 0x0000000085d80000, 0x00000000d6300000)
  object space 54784K, 17% used [0x0000000082800000,0x0000000083169320,0x0000000085d80000)
 Metaspace       used 34822K, capacity 35178K, committed 35416K, reserved 1081344K
  class space    used 4274K, capacity 4404K, committed 4440K, reserved 1048576K
Event: 23.201 GC heap after
Heap after GC invocations=9 (full 1):
 PSYoungGen      total 348672K, used 11747K [0x00000000d6300000, 0x00000000f1480000, 0x0000000100000000)
  eden space 336896K, 0% used [0x00000000d6300000,0x00000000d6300000,0x00000000eac00000)
  from space 11776K, 99% used [0x00000000ebb80000,0x00000000ec6f8c98,0x00000000ec700000)
  to   space 15872K, 0% used [0x00000000eac00000,0x00000000eac00000,0x00000000ebb80000)
 ParOldGen       total 54784K, used 15476K [0x0000000082800000, 0x0000000085d80000, 0x00000000d6300000)
  object space 54784K, 28% used [0x0000000082800000,0x000000008371d068,0x0000000085d80000)
 Metaspace       used 34822K, capacity 35178K, committed 35416K, reserved 1081344K
  class space    used 4274K, capacity 4404K, committed 4440K, reserved 1048576K
}
Event: 23.201 GC heap before
{Heap before GC invocations=10 (full 2):
 PSYoungGen      total 348672K, used 11747K [0x00000000d6300000, 0x00000000f1480000, 0x0000000100000000)
  eden space 336896K, 0% used [0x00000000d6300000,0x00000000d6300000,0x00000000eac00000)
  from space 11776K, 99% used [0x00000000ebb80000,0x00000000ec6f8c98,0x00000000ec700000)
  to   space 15872K, 0% used [0x00000000eac00000,0x00000000eac00000,0x00000000ebb80000)
 ParOldGen       total 54784K, used 15476K [0x0000000082800000, 0x0000000085d80000, 0x00000000d6300000)
  object space 54784K, 28% used [0x0000000082800000,0x000000008371d068,0x0000000085d80000)
 Metaspace       used 34822K, capacity 35178K, committed 35416K, reserved 1081344K
  class space    used 4274K, capacity 4404K, committed 4440K, reserved 1048576K
Event: 23.340 GC heap after
Heap after GC invocations=10 (full 2):
 PSYoungGen      total 348672K, used 0K [0x00000000d6300000, 0x00000000f1480000, 0x0000000100000000)
  eden space 336896K, 0% used [0x00000000d6300000,0x00000000d6300000,0x00000000eac00000)
  from space 11776K, 0% used [0x00000000ebb80000,0x00000000ebb80000,0x00000000ec700000)
  to   space 15872K, 0% used [0x00000000eac00000,0x00000000eac00000,0x00000000ebb80000)
 ParOldGen       total 92672K, used 22197K [0x0000000082800000, 0x0000000088280000, 0x00000000d6300000)
  object space 92672K, 23% used [0x0000000082800000,0x0000000083dad7e8,0x0000000088280000)
 Metaspace       used 34822K, capacity 35178K, committed 35416K, reserved 1081344K
  class space    used 4274K, capacity 4404K, committed 4440K, reserved 1048576K
}
Event: 30.672 GC heap before
{Heap before GC invocations=11 (full 2):
 PSYoungGen      total 348672K, used 336896K [0x00000000d6300000, 0x00000000f1480000, 0x0000000100000000)
  eden space 336896K, 100% used [0x00000000d6300000,0x00000000eac00000,0x00000000eac00000)
  from space 11776K, 0% used [0x00000000ebb80000,0x00000000ebb80000,0x00000000ec700000)
  to   space 15872K, 0% used [0x00000000eac00000,0x00000000eac00000,0x00000000ebb80000)
 ParOldGen       total 92672K, used 22197K [0x0000000082800000, 0x0000000088280000, 0x00000000d6300000)
  object space 92672K, 23% used [0x0000000082800000,0x0000000083dad7e8,0x0000000088280000)
 Metaspace       used 49323K, capacity 49916K, committed 50264K, reserved 1093632K
  class space    used 6286K, capacity 6422K, committed 6488K, reserved 1048576K
Event: 30.743 GC heap after
Heap after GC invocations=11 (full 2):
 PSYoungGen      total 352768K, used 15863K [0x00000000d6300000, 0x00000000f3980000, 0x0000000100000000)
  eden space 336896K, 0% used [0x00000000d6300000,0x00000000d6300000,0x00000000eac00000)
  from space 15872K, 99% used [0x00000000eac00000,0x00000000ebb7dcf0,0x00000000ebb80000)
  to   space 19968K, 0% used [0x00000000f2600000,0x00000000f2600000,0x00000000f3980000)
 ParOldGen       total 92672K, used 25862K [0x0000000082800000, 0x0000000088280000, 0x00000000d6300000)
  object space 92672K, 27% used [0x0000000082800000,0x0000000084141a70,0x0000000088280000)
 Metaspace       used 49323K, capacity 49916K, committed 50264K, reserved 1093632K
  class space    used 6286K, capacity 6422K, committed 6488K, reserved 1048576K
}

