# JRE version: Java(TM) SE Runtime Environment (8.0_181-b13) (build 1.8.0_181-b13)
# Java VM: Java HotSpot(TM) 64-Bit Server VM (25.181-b13 mixed mode windows-amd64 compressed oops)
Heap:
 PSYoungGen      total 70656K, used 17420K [0x00000000d6300000, 0x00000000dad00000, 0x0000000100000000)
  eden space 65536K, 18% used [0x00000000d6300000,0x00000000d6f04518,0x00000000da300000)
  from space 5120K, 99% used [0x00000000da300000,0x00000000da7fee08,0x00000000da800000)
  to   space 5120K, 0% used [0x00000000da800000,0x00000000da800000,0x00000000dad00000)
 ParOldGen       total 46592K, used 6872K [0x0000000082800000, 0x0000000085580000, 0x00000000d6300000)
  object space 46592K, 14% used [0x0000000082800000,0x0000000082eb6090,0x0000000085580000)
 Metaspace       used 25538K, capacity 25800K, committed 26112K, reserved 1073152K
  class space    used 3175K, capacity 3253K, committed 3328K, reserved 1048576K
GC Heap History (10 events):
Event: 4.640 GC heap before
{Heap before GC invocations=4 (full 0):
 PSYoungGen      total 37888K, used 37877K [0x00000000d6300000, 0x00000000dad00000, 0x0000000100000000)
  eden space 32768K, 100% used [0x00000000d6300000,0x00000000d8300000,0x00000000d8300000)
  from space 5120K, 99% used [0x00000000d8300000,0x00000000d87fd480,0x00000000d8800000)
  to   space 5120K, 0% used [0x00000000da800000,0x00000000da800000,0x00000000dad00000)
 ParOldGen       total 86016K, used 3012K [0x0000000082800000, 0x0000000087c00000, 0x00000000d6300000)
  object space 86016K, 3% used [0x0000000082800000,0x0000000082af1150,0x0000000087c00000)
 Metaspace       used 20441K, capacity 20652K, committed 20736K, reserved 1067008K
  class space    used 2489K, capacity 2555K, committed 2560K, reserved 1048576K
Event: 4.650 GC heap after
Heap after GC invocations=4 (full 0):
 PSYoungGen      total 70656K, used 5104K [0x00000000d6300000, 0x00000000dad00000, 0x0000000100000000)
  eden space 65536K, 0% used [0x00000000d6300000,0x00000000d6300000,0x00000000da300000)
  from space 5120K, 99% used [0x00000000da800000,0x00000000dacfc3a0,0x00000000dad00000)
  to   space 5120K, 0% used [0x00000000da300000,0x00000000da300000,0x00000000da800000)
 ParOldGen       total 86016K, used 4904K [0x0000000082800000, 0x0000000087c00000, 0x00000000d6300000)
  object space 86016K, 5% used [0x0000000082800000,0x0000000082cca108,0x0000000087c00000)
 Metaspace       used 20441K, capacity 20652K, committed 20736K, reserved 1067008K
  class space    used 2489K, capacity 2555K, committed 2560K, reserved 1048576K
}
Event: 4.687 GC heap before
{Heap before GC invocations=5 (full 0):
 PSYoungGen      total 70656K, used 9042K [0x00000000d6300000, 0x00000000dad00000, 0x0000000100000000)
  eden space 65536K, 6% used [0x00000000d6300000,0x00000000d66d8608,0x00000000da300000)
  from space 5120K, 99% used [0x00000000da800000,0x00000000dacfc3a0,0x00000000dad00000)
  to   space 5120K, 0% used [0x00000000da300000,0x00000000da300000,0x00000000da800000)
 ParOldGen       total 86016K, used 4904K [0x0000000082800000, 0x0000000087c00000, 0x00000000d6300000)
  object space 86016K, 5% used [0x0000000082800000,0x0000000082cca108,0x0000000087c00000)
 Metaspace       used 20903K, capacity 21134K, committed 21296K, reserved 1069056K
  class space    used 2546K, capacity 2630K, committed 2688K, reserved 1048576K
Event: 4.695 GC heap after
Heap after GC invocations=5 (full 0):
 PSYoungGen      total 70656K, used 5104K [0x00000000d6300000, 0x00000000dad00000, 0x0000000100000000)
  eden space 65536K, 0% used [0x00000000d6300000,0x00000000d6300000,0x00000000da300000)
  from space 5120K, 99% used [0x00000000da300000,0x00000000da7fc380,0x00000000da800000)
  to   space 5120K, 0% used [0x00000000da800000,0x00000000da800000,0x00000000dad00000)
 ParOldGen       total 86016K, used 5183K [0x0000000082800000, 0x0000000087c00000, 0x00000000d6300000)
  object space 86016K, 6% used [0x0000000082800000,0x0000000082d0fc90,0x0000000087c00000)
 Metaspace       used 20903K, capacity 21134K, committed 21296K, reserved 1069056K
  class space    used 2546K, capacity 2630K, committed 2688K, reserved 1048576K
}
Event: 4.695 GC heap before
{Heap before GC invocations=6 (full 1):
 PSYoungGen      total 70656K, used 5104K [0x00000000d6300000, 0x00000000dad00000, 0x0000000100000000)
  eden space 65536K, 0% used [0x00000000d6300000,0x00000000d6300000,0x00000000da300000)
  from space 5120K, 99% used [0x00000000da300000,0x00000000da7fc380,0x00000000da800000)
  to   space 5120K, 0% used [0x00000000da800000,0x00000000da800000,0x00000000dad00000)
 ParOldGen       total 86016K, used 5183K [0x0000000082800000, 0x0000000087c00000, 0x00000000d6300000)
  object space 86016K, 6% used [0x0000000082800000,0x0000000082d0fc90,0x0000000087c00000)
 Metaspace       used 20903K, capacity 21134K, committed 21296K, reserved 1069056K
  class space    used 2546K, capacity 2630K, committed 2688K, reserved 1048576K
Event: 4.734 GC heap after
Heap after GC invocations=6 (full 1):
 PSYoungGen      total 70656K, used 0K [0x00000000d6300000, 0x00000000dad00000, 0x0000000100000000)
  eden space 65536K, 0% used [0x00000000d6300000,0x00000000d6300000,0x00000000da300000)
  from space 5120K, 0% used [0x00000000da300000,0x00000000da300000,0x00000000da800000)
  to   space 5120K, 0% used [0x00000000da800000,0x00000000da800000,0x00000000dad00000)
 ParOldGen       total 46592K, used 5783K [0x0000000082800000, 0x0000000085580000, 0x00000000d6300000)
  object space 46592K, 12% used [0x0000000082800000,0x0000000082da5ff8,0x0000000085580000)
 Metaspace       used 20903K, capacity 21134K, committed 21296K, reserved 1069056K
  class space    used 2546K, capacity 2630K, committed 2688K, reserved 1048576K
}
Event: 7.360 GC heap before
{Heap before GC invocations=7 (full 1):
 PSYoungGen      total 70656K, used 65536K [0x00000000d6300000, 0x00000000dad00000, 0x0000000100000000)
  eden space 65536K, 100% used [0x00000000d6300000,0x00000000da300000,0x00000000da300000)
  from space 5120K, 0% used [0x00000000da300000,0x00000000da300000,0x00000000da800000)
  to   space 5120K, 0% used [0x00000000da800000,0x00000000da800000,0x00000000dad00000)
 ParOldGen       total 46592K, used 5783K [0x0000000082800000, 0x0000000085580000, 0x00000000d6300000)
  object space 46592K, 12% used [0x0000000082800000,0x0000000082da5ff8,0x0000000085580000)
 Metaspace       used 23459K, capacity 23718K, committed 24064K, reserved 1071104K
  class space    used 2872K, capacity 2954K, committed 3072K, reserved 1048576K
Event: 7.372 GC heap after
Heap after GC invocations=7 (full 1):
 PSYoungGen      total 70656K, used 4965K [0x00000000d6300000, 0x00000000dad00000, 0x0000000100000000)
  eden space 65536K, 0% used [0x00000000d6300000,0x00000000d6300000,0x00000000da300000)
  from space 5120K, 96% used [0x00000000da800000,0x00000000dacd9760,0x00000000dad00000)
  to   space 5120K, 0% used [0x00000000da300000,0x00000000da300000,0x00000000da800000)
 ParOldGen       total 46592K, used 5791K [0x0000000082800000, 0x0000000085580000, 0x00000000d6300000)
  object space 46592K, 12% used [0x0000000082800000,0x0000000082da7ff8,0x0000000085580000)
 Metaspace       used 23459K, capacity 23718K, committed 24064K, reserved 1071104K
  class space    used 2872K, capacity 2954K, committed 3072K, reserved 1048576K
}
Event: 8.366 GC heap before
{Heap before GC invocations=8 (full 1):
 PSYoungGen      total 70656K, used 70501K [0x00000000d6300000, 0x00000000dad00000, 0x0000000100000000)
  eden space 65536K, 100% used [0x00000000d6300000,0x00000000da300000,0x00000000da300000)
  from space 5120K, 96% used [0x00000000da800000,0x00000000dacd9760,0x00000000dad00000)
  to   space 5120K, 0% used [0x00000000da300000,0x00000000da300000,0x00000000da800000)
 ParOldGen       total 46592K, used 5791K [0x0000000082800000, 0x0000000085580000, 0x00000000d6300000)
  object space 46592K, 12% used [0x0000000082800000,0x0000000082da7ff8,0x0000000085580000)
 Metaspace       used 24961K, capacity 25226K, committed 25472K, reserved 1071104K
  class space    used 3071K, capacity 3152K, committed 3200K, reserved 1048576K
Event: 8.385 GC heap after
Heap after GC invocations=8 (full 1):
 PSYoungGen      total 70656K, used 5115K [0x00000000d6300000, 0x00000000dad00000, 0x0000000100000000)
  eden space 65536K, 0% used [0x00000000d6300000,0x00000000d6300000,0x00000000da300000)
  from space 5120K, 99% used [0x00000000da300000,0x00000000da7fee08,0x00000000da800000)
  to   space 5120K, 0% used [0x00000000da800000,0x00000000da800000,0x00000000dad00000)
 ParOldGen       total 46592K, used 6872K [0x0000000082800000, 0x0000000085580000, 0x00000000d6300000)
  object space 46592K, 14% used [0x0000000082800000,0x0000000082eb6090,0x0000000085580000)
 Metaspace       used 24961K, capacity 25226K, committed 25472K, reserved 1071104K
  class space    used 3071K, capacity 3152K, committed 3200K, reserved 1048576K
}

