# JRE version: Java(TM) SE Runtime Environment (8.0_181-b13) (build 1.8.0_181-b13)
# Java VM: Java HotSpot(TM) 64-Bit Server VM (25.181-b13 mixed mode windows-amd64 compressed oops)
Heap:
 PSYoungGen      total 135168K, used 76391K [0x00000000d6300000, 0x00000000e0400000, 0x0000000100000000)
  eden space 126464K, 53% used [0x00000000d6300000,0x00000000da520d70,0x00000000dde80000)
  from space 8704K, 99% used [0x00000000dde80000,0x00000000de6f90d8,0x00000000de700000)
  to   space 11776K, 0% used [0x00000000df880000,0x00000000df880000,0x00000000e0400000)
 ParOldGen       total 54272K, used 15998K [0x0000000082800000, 0x0000000085d00000, 0x00000000d6300000)
  object space 54272K, 29% used [0x0000000082800000,0x000000008379fa80,0x0000000085d00000)
 Metaspace       used 33995K, capacity 34362K, committed 34560K, reserved 1079296K
  class space    used 4226K, capacity 4332K, committed 4352K, reserved 1048576K
GC Heap History (10 events):
Event: 7.060 GC heap before
{Heap before GC invocations=6 (full 1):
 PSYoungGen      total 70656K, used 5108K [0x00000000d6300000, 0x00000000df400000, 0x0000000100000000)
  eden space 65536K, 0% used [0x00000000d6300000,0x00000000d6300000,0x00000000da300000)
  from space 5120K, 99% used [0x00000000da300000,0x00000000da7fd0d8,0x00000000da800000)
  to   space 8704K, 0% used [0x00000000deb80000,0x00000000deb80000,0x00000000df400000)
 ParOldGen       total 86016K, used 4729K [0x0000000082800000, 0x0000000087c00000, 0x00000000d6300000)
  object space 86016K, 5% used [0x0000000082800000,0x0000000082c9e408,0x0000000087c00000)
 Metaspace       used 20923K, capacity 21142K, committed 21296K, reserved 1069056K
  class space    used 2558K, capacity 2630K, committed 2688K, reserved 1048576K
Event: 7.120 GC heap after
Heap after GC invocations=6 (full 1):
 PSYoungGen      total 70656K, used 0K [0x00000000d6300000, 0x00000000df400000, 0x0000000100000000)
  eden space 65536K, 0% used [0x00000000d6300000,0x00000000d6300000,0x00000000da300000)
  from space 5120K, 0% used [0x00000000da300000,0x00000000da300000,0x00000000da800000)
  to   space 8704K, 0% used [0x00000000deb80000,0x00000000deb80000,0x00000000df400000)
 ParOldGen       total 54272K, used 7591K [0x0000000082800000, 0x0000000085d00000, 0x00000000d6300000)
  object space 54272K, 13% used [0x0000000082800000,0x0000000082f69cd8,0x0000000085d00000)
 Metaspace       used 20923K, capacity 21142K, committed 21296K, reserved 1069056K
  class space    used 2558K, capacity 2630K, committed 2688K, reserved 1048576K
}
Event: 10.102 GC heap before
{Heap before GC invocations=7 (full 1):
 PSYoungGen      total 70656K, used 65536K [0x00000000d6300000, 0x00000000df400000, 0x0000000100000000)
  eden space 65536K, 100% used [0x00000000d6300000,0x00000000da300000,0x00000000da300000)
  from space 5120K, 0% used [0x00000000da300000,0x00000000da300000,0x00000000da800000)
  to   space 8704K, 0% used [0x00000000deb80000,0x00000000deb80000,0x00000000df400000)
 ParOldGen       total 54272K, used 7591K [0x0000000082800000, 0x0000000085d00000, 0x00000000d6300000)
  object space 54272K, 13% used [0x0000000082800000,0x0000000082f69cd8,0x0000000085d00000)
 Metaspace       used 22703K, capacity 22946K, committed 23088K, reserved 1069056K
  class space    used 2800K, capacity 2888K, committed 2944K, reserved 1048576K
Event: 10.109 GC heap after
Heap after GC invocations=7 (full 1):
 PSYoungGen      total 110080K, used 3694K [0x00000000d6300000, 0x00000000def80000, 0x0000000100000000)
  eden space 105984K, 0% used [0x00000000d6300000,0x00000000d6300000,0x00000000dca80000)
  from space 4096K, 90% used [0x00000000deb80000,0x00000000def1bad0,0x00000000def80000)
  to   space 8704K, 0% used [0x00000000dde80000,0x00000000dde80000,0x00000000de700000)
 ParOldGen       total 54272K, used 7599K [0x0000000082800000, 0x0000000085d00000, 0x00000000d6300000)
  object space 54272K, 14% used [0x0000000082800000,0x0000000082f6bcd8,0x0000000085d00000)
 Metaspace       used 22703K, capacity 22946K, committed 23088K, reserved 1069056K
  class space    used 2800K, capacity 2888K, committed 2944K, reserved 1048576K
}
Event: 11.282 GC heap before
{Heap before GC invocations=8 (full 1):
 PSYoungGen      total 110080K, used 109678K [0x00000000d6300000, 0x00000000def80000, 0x0000000100000000)
  eden space 105984K, 100% used [0x00000000d6300000,0x00000000dca80000,0x00000000dca80000)
  from space 4096K, 90% used [0x00000000deb80000,0x00000000def1bad0,0x00000000def80000)
  to   space 8704K, 0% used [0x00000000dde80000,0x00000000dde80000,0x00000000de700000)
 ParOldGen       total 54272K, used 7599K [0x0000000082800000, 0x0000000085d00000, 0x00000000d6300000)
  object space 54272K, 14% used [0x0000000082800000,0x0000000082f6bcd8,0x0000000085d00000)
 Metaspace       used 23359K, capacity 23666K, committed 24064K, reserved 1071104K
  class space    used 2887K, capacity 2992K, committed 3072K, reserved 1048576K
Event: 11.299 GC heap after
Heap after GC invocations=8 (full 1):
 PSYoungGen      total 114688K, used 4899K [0x00000000d6300000, 0x00000000def80000, 0x0000000100000000)
  eden space 105984K, 0% used [0x00000000d6300000,0x00000000d6300000,0x00000000dca80000)
  from space 8704K, 56% used [0x00000000dde80000,0x00000000de348f50,0x00000000de700000)
  to   space 4096K, 0% used [0x00000000deb80000,0x00000000deb80000,0x00000000def80000)
 ParOldGen       total 54272K, used 7599K [0x0000000082800000, 0x0000000085d00000, 0x00000000d6300000)
  object space 54272K, 14% used [0x0000000082800000,0x0000000082f6bcd8,0x0000000085d00000)
 Metaspace       used 23359K, capacity 23666K, committed 24064K, reserved 1071104K
  class space    used 2887K, capacity 2992K, committed 3072K, reserved 1048576K
}
Event: 13.295 GC heap before
{Heap before GC invocations=9 (full 1):
 PSYoungGen      total 114688K, used 110883K [0x00000000d6300000, 0x00000000def80000, 0x0000000100000000)
  eden space 105984K, 100% used [0x00000000d6300000,0x00000000dca80000,0x00000000dca80000)
  from space 8704K, 56% used [0x00000000dde80000,0x00000000de348f50,0x00000000de700000)
  to   space 4096K, 0% used [0x00000000deb80000,0x00000000deb80000,0x00000000def80000)
 ParOldGen       total 54272K, used 7599K [0x0000000082800000, 0x0000000085d00000, 0x00000000d6300000)
  object space 54272K, 14% used [0x0000000082800000,0x0000000082f6bcd8,0x0000000085d00000)
 Metaspace       used 25796K, capacity 26132K, committed 26496K, reserved 1073152K
  class space    used 3263K, capacity 3355K, committed 3456K, reserved 1048576K
Event: 13.310 GC heap after
Heap after GC invocations=9 (full 1):
 PSYoungGen      total 110080K, used 4084K [0x00000000d6300000, 0x00000000def80000, 0x0000000100000000)
  eden space 105984K, 0% used [0x00000000d6300000,0x00000000d6300000,0x00000000dca80000)
  from space 4096K, 99% used [0x00000000deb80000,0x00000000def7d030,0x00000000def80000)
  to   space 8704K, 0% used [0x00000000dde80000,0x00000000dde80000,0x00000000de700000)
 ParOldGen       total 54272K, used 11813K [0x0000000082800000, 0x0000000085d00000, 0x00000000d6300000)
  object space 54272K, 21% used [0x0000000082800000,0x00000000833894a8,0x0000000085d00000)
 Metaspace       used 25796K, capacity 26132K, committed 26496K, reserved 1073152K
  class space    used 3263K, capacity 3355K, committed 3456K, reserved 1048576K
}
Event: 16.968 GC heap before
{Heap before GC invocations=10 (full 1):
 PSYoungGen      total 110080K, used 110068K [0x00000000d6300000, 0x00000000def80000, 0x0000000100000000)
  eden space 105984K, 100% used [0x00000000d6300000,0x00000000dca80000,0x00000000dca80000)
  from space 4096K, 99% used [0x00000000deb80000,0x00000000def7d030,0x00000000def80000)
  to   space 8704K, 0% used [0x00000000dde80000,0x00000000dde80000,0x00000000de700000)
 ParOldGen       total 54272K, used 11813K [0x0000000082800000, 0x0000000085d00000, 0x00000000d6300000)
  object space 54272K, 21% used [0x0000000082800000,0x00000000833894a8,0x0000000085d00000)
 Metaspace       used 31679K, capacity 32002K, committed 32256K, reserved 1077248K
  class space    used 3951K, capacity 4040K, committed 4096K, reserved 1048576K
Event: 16.989 GC heap after
Heap after GC invocations=10 (full 1):
 PSYoungGen      total 135168K, used 8676K [0x00000000d6300000, 0x00000000e0400000, 0x0000000100000000)
  eden space 126464K, 0% used [0x00000000d6300000,0x00000000d6300000,0x00000000dde80000)
  from space 8704K, 99% used [0x00000000dde80000,0x00000000de6f90d8,0x00000000de700000)
  to   space 11776K, 0% used [0x00000000df880000,0x00000000df880000,0x00000000e0400000)
 ParOldGen       total 54272K, used 15998K [0x0000000082800000, 0x0000000085d00000, 0x00000000d6300000)
  object space 54272K, 29% used [0x0000000082800000,0x000000008379fa80,0x0000000085d00000)
 Metaspace       used 31679K, capacity 32002K, committed 32256K, reserved 1077248K
  class space    used 3951K, capacity 4040K, committed 4096K, reserved 1048576K
}

