# JRE version: Java(TM) SE Runtime Environment (8.0_181-b13) (build 1.8.0_181-b13)
# Java VM: Java HotSpot(TM) 64-Bit Server VM (25.181-b13 mixed mode windows-amd64 compressed oops)
Heap:
 PSYoungGen      total 297472K, used 48863K [0x00000000d6300000, 0x00000000e9b00000, 0x0000000100000000)
  eden space 286208K, 13% used [0x00000000d6300000,0x00000000d87dff38,0x00000000e7a80000)
  from space 11264K, 98% used [0x00000000e9000000,0x00000000e9ad7d20,0x00000000e9b00000)
  to   space 14336K, 0% used [0x00000000e7f00000,0x00000000e7f00000,0x00000000e8d00000)
 ParOldGen       total 83456K, used 32854K [0x0000000082800000, 0x0000000087980000, 0x00000000d6300000)
  object space 83456K, 39% used [0x0000000082800000,0x0000000084815958,0x0000000087980000)
 Metaspace       used 51895K, capacity 52528K, committed 52864K, reserved 1095680K
  class space    used 6595K, capacity 6760K, committed 6784K, reserved 1048576K
GC Heap History (10 events):
Event: 24.492 GC heap before
{Heap before GC invocations=12 (full 1):
 PSYoungGen      total 168960K, used 167715K [0x00000000d6300000, 0x00000000e1680000, 0x0000000100000000)
  eden space 160768K, 99% used [0x00000000d6300000,0x00000000dfec95f0,0x00000000e0000000)
  from space 8192K, 99% used [0x00000000e0a80000,0x00000000e127f938,0x00000000e1280000)
  to   space 10752K, 0% used [0x00000000e0000000,0x00000000e0000000,0x00000000e0a80000)
 ParOldGen       total 48128K, used 10080K [0x0000000082800000, 0x0000000085700000, 0x00000000d6300000)
  object space 48128K, 20% used [0x0000000082800000,0x00000000831d8358,0x0000000085700000)
 Metaspace       used 34936K, capacity 35270K, committed 35456K, reserved 1081344K
  class space    used 4353K, capacity 4462K, committed 4480K, reserved 1048576K
Event: 24.524 GC heap after
Heap after GC invocations=12 (full 1):
 PSYoungGen      total 171520K, used 10731K [0x00000000d6300000, 0x00000000e5980000, 0x0000000100000000)
  eden space 160768K, 0% used [0x00000000d6300000,0x00000000d6300000,0x00000000e0000000)
  from space 10752K, 99% used [0x00000000e0000000,0x00000000e0a7ad10,0x00000000e0a80000)
  to   space 14336K, 0% used [0x00000000e4b80000,0x00000000e4b80000,0x00000000e5980000)
 ParOldGen       total 48128K, used 16390K [0x0000000082800000, 0x0000000085700000, 0x00000000d6300000)
  object space 48128K, 34% used [0x0000000082800000,0x0000000083801bc8,0x0000000085700000)
 Metaspace       used 34936K, capacity 35270K, committed 35456K, reserved 1081344K
  class space    used 4353K, capacity 4462K, committed 4480K, reserved 1048576K
}
Event: 24.524 GC heap before
{Heap before GC invocations=13 (full 2):
 PSYoungGen      total 171520K, used 10731K [0x00000000d6300000, 0x00000000e5980000, 0x0000000100000000)
  eden space 160768K, 0% used [0x00000000d6300000,0x00000000d6300000,0x00000000e0000000)
  from space 10752K, 99% used [0x00000000e0000000,0x00000000e0a7ad10,0x00000000e0a80000)
  to   space 14336K, 0% used [0x00000000e4b80000,0x00000000e4b80000,0x00000000e5980000)
 ParOldGen       total 48128K, used 16390K [0x0000000082800000, 0x0000000085700000, 0x00000000d6300000)
  object space 48128K, 34% used [0x0000000082800000,0x0000000083801bc8,0x0000000085700000)
 Metaspace       used 34936K, capacity 35270K, committed 35456K, reserved 1081344K
  class space    used 4353K, capacity 4462K, committed 4480K, reserved 1048576K
Event: 24.716 GC heap after
Heap after GC invocations=13 (full 2):
 PSYoungGen      total 171520K, used 0K [0x00000000d6300000, 0x00000000e5980000, 0x0000000100000000)
  eden space 160768K, 0% used [0x00000000d6300000,0x00000000d6300000,0x00000000e0000000)
  from space 10752K, 0% used [0x00000000e0000000,0x00000000e0000000,0x00000000e0a80000)
  to   space 14336K, 0% used [0x00000000e4b80000,0x00000000e4b80000,0x00000000e5980000)
 ParOldGen       total 83456K, used 24014K [0x0000000082800000, 0x0000000087980000, 0x00000000d6300000)
  object space 83456K, 28% used [0x0000000082800000,0x0000000083f73a48,0x0000000087980000)
 Metaspace       used 34936K, capacity 35270K, committed 35456K, reserved 1081344K
  class space    used 4353K, capacity 4462K, committed 4480K, reserved 1048576K
}
Event: 26.866 GC heap before
{Heap before GC invocations=14 (full 2):
 PSYoungGen      total 171520K, used 160768K [0x00000000d6300000, 0x00000000e5980000, 0x0000000100000000)
  eden space 160768K, 100% used [0x00000000d6300000,0x00000000e0000000,0x00000000e0000000)
  from space 10752K, 0% used [0x00000000e0000000,0x00000000e0000000,0x00000000e0a80000)
  to   space 14336K, 0% used [0x00000000e4b80000,0x00000000e4b80000,0x00000000e5980000)
 ParOldGen       total 83456K, used 24014K [0x0000000082800000, 0x0000000087980000, 0x00000000d6300000)
  object space 83456K, 28% used [0x0000000082800000,0x0000000083f73a48,0x0000000087980000)
 Metaspace       used 38152K, capacity 38538K, committed 38784K, reserved 1083392K
  class space    used 4820K, capacity 4948K, committed 4992K, reserved 1048576K
Event: 26.888 GC heap after
Heap after GC invocations=14 (full 2):
 PSYoungGen      total 227840K, used 7500K [0x00000000d6300000, 0x00000000e5400000, 0x0000000100000000)
  eden space 219136K, 0% used [0x00000000d6300000,0x00000000d6300000,0x00000000e3900000)
  from space 8704K, 86% used [0x00000000e4b80000,0x00000000e52d31f8,0x00000000e5400000)
  to   space 13824K, 0% used [0x00000000e3900000,0x00000000e3900000,0x00000000e4680000)
 ParOldGen       total 83456K, used 24022K [0x0000000082800000, 0x0000000087980000, 0x00000000d6300000)
  object space 83456K, 28% used [0x0000000082800000,0x0000000083f75a48,0x0000000087980000)
 Metaspace       used 38152K, capacity 38538K, committed 38784K, reserved 1083392K
  class space    used 4820K, capacity 4948K, committed 4992K, reserved 1048576K
}
Event: 31.645 GC heap before
{Heap before GC invocations=15 (full 2):
 PSYoungGen      total 227840K, used 226636K [0x00000000d6300000, 0x00000000e5400000, 0x0000000100000000)
  eden space 219136K, 100% used [0x00000000d6300000,0x00000000e3900000,0x00000000e3900000)
  from space 8704K, 86% used [0x00000000e4b80000,0x00000000e52d31f8,0x00000000e5400000)
  to   space 13824K, 0% used [0x00000000e3900000,0x00000000e3900000,0x00000000e4680000)
 ParOldGen       total 83456K, used 24022K [0x0000000082800000, 0x0000000087980000, 0x00000000d6300000)
  object space 83456K, 28% used [0x0000000082800000,0x0000000083f75a48,0x0000000087980000)
 Metaspace       used 40882K, capacity 41254K, committed 41728K, reserved 1085440K
  class space    used 5154K, capacity 5256K, committed 5376K, reserved 1048576K
Event: 31.686 GC heap after
Heap after GC invocations=15 (full 2):
 PSYoungGen      total 232960K, used 9013K [0x00000000d6300000, 0x00000000e9d80000, 0x0000000100000000)
  eden space 219136K, 0% used [0x00000000d6300000,0x00000000d6300000,0x00000000e3900000)
  from space 13824K, 65% used [0x00000000e3900000,0x00000000e41cd620,0x00000000e4680000)
  to   space 13824K, 0% used [0x00000000e9000000,0x00000000e9000000,0x00000000e9d80000)
 ParOldGen       total 83456K, used 28594K [0x0000000082800000, 0x0000000087980000, 0x00000000d6300000)
  object space 83456K, 34% used [0x0000000082800000,0x00000000843ec908,0x0000000087980000)
 Metaspace       used 40882K, capacity 41254K, committed 41728K, reserved 1085440K
  class space    used 5154K, capacity 5256K, committed 5376K, reserved 1048576K
}
Event: 69.827 GC heap before
{Heap before GC invocations=16 (full 2):
 PSYoungGen      total 232960K, used 228149K [0x00000000d6300000, 0x00000000e9d80000, 0x0000000100000000)
  eden space 219136K, 100% used [0x00000000d6300000,0x00000000e3900000,0x00000000e3900000)
  from space 13824K, 65% used [0x00000000e3900000,0x00000000e41cd620,0x00000000e4680000)
  to   space 13824K, 0% used [0x00000000e9000000,0x00000000e9000000,0x00000000e9d80000)
 ParOldGen       total 83456K, used 28594K [0x0000000082800000, 0x0000000087980000, 0x00000000d6300000)
  object space 83456K, 34% used [0x0000000082800000,0x00000000843ec908,0x0000000087980000)
 Metaspace       used 50099K, capacity 50716K, committed 51200K, reserved 1093632K
  class space    used 6391K, capacity 6554K, committed 6656K, reserved 1048576K
Event: 69.884 GC heap after
Heap after GC invocations=16 (full 2):
 PSYoungGen      total 297472K, used 11103K [0x00000000d6300000, 0x00000000e9b00000, 0x0000000100000000)
  eden space 286208K, 0% used [0x00000000d6300000,0x00000000d6300000,0x00000000e7a80000)
  from space 11264K, 98% used [0x00000000e9000000,0x00000000e9ad7d20,0x00000000e9b00000)
  to   space 14336K, 0% used [0x00000000e7f00000,0x00000000e7f00000,0x00000000e8d00000)
 ParOldGen       total 83456K, used 32854K [0x0000000082800000, 0x0000000087980000, 0x00000000d6300000)
  object space 83456K, 39% used [0x0000000082800000,0x0000000084815958,0x0000000087980000)
 Metaspace       used 50099K, capacity 50716K, committed 51200K, reserved 1093632K
  class space    used 6391K, capacity 6554K, committed 6656K, reserved 1048576K
}

