# JRE version: Java(TM) SE Runtime Environment (8.0_181-b13) (build 1.8.0_181-b13)
# Java VM: Java HotSpot(TM) 64-Bit Server VM (25.181-b13 mixed mode windows-amd64 compressed oops)
Heap:
 PSYoungGen      total 279552K, used 25961K [0x00000000d6300000, 0x00000000e8f80000, 0x0000000100000000)
  eden space 262144K, 6% used [0x00000000d6300000,0x00000000d742e4b8,0x00000000e6300000)
  from space 17408K, 48% used [0x00000000e6d80000,0x00000000e75ac1f8,0x00000000e7e80000)
  to   space 13824K, 0% used [0x00000000e8200000,0x00000000e8200000,0x00000000e8f80000)
 ParOldGen       total 81408K, used 32786K [0x0000000082800000, 0x0000000087780000, 0x00000000d6300000)
  object space 81408K, 40% used [0x0000000082800000,0x0000000084804be0,0x0000000087780000)
 Metaspace       used 54781K, capacity 55388K, committed 55680K, reserved 1097728K
  class space    used 7067K, capacity 7236K, committed 7296K, reserved 1048576K
GC Heap History (10 events):
Event: 12.840 GC heap before
{Heap before GC invocations=9 (full 1):
 PSYoungGen      total 135168K, used 135163K [0x00000000d6300000, 0x00000000e3880000, 0x0000000100000000)
  eden space 126976K, 100% used [0x00000000d6300000,0x00000000ddf00000,0x00000000ddf00000)
  from space 8192K, 99% used [0x00000000ddf00000,0x00000000de6fec48,0x00000000de700000)
  to   space 9216K, 0% used [0x00000000e2f80000,0x00000000e2f80000,0x00000000e3880000)
 ParOldGen       total 48640K, used 7198K [0x0000000082800000, 0x0000000085780000, 0x00000000d6300000)
  object space 48640K, 14% used [0x0000000082800000,0x0000000082f07988,0x0000000085780000)
 Metaspace       used 30667K, capacity 31064K, committed 31360K, reserved 1077248K
  class space    used 3819K, capacity 3917K, committed 3968K, reserved 1048576K
Event: 12.860 GC heap after
Heap after GC invocations=9 (full 1):
 PSYoungGen      total 205824K, used 9186K [0x00000000d6300000, 0x00000000e4f00000, 0x0000000100000000)
  eden space 196608K, 0% used [0x00000000d6300000,0x00000000d6300000,0x00000000e2300000)
  from space 9216K, 99% used [0x00000000e2f80000,0x00000000e3878ab8,0x00000000e3880000)
  to   space 12800K, 0% used [0x00000000e2300000,0x00000000e2300000,0x00000000e2f80000)
 ParOldGen       total 48640K, used 12839K [0x0000000082800000, 0x0000000085780000, 0x00000000d6300000)
  object space 48640K, 26% used [0x0000000082800000,0x0000000083489d20,0x0000000085780000)
 Metaspace       used 30667K, capacity 31064K, committed 31360K, reserved 1077248K
  class space    used 3819K, capacity 3917K, committed 3968K, reserved 1048576K
}
Event: 14.191 GC heap before
{Heap before GC invocations=10 (full 1):
 PSYoungGen      total 205824K, used 89120K [0x00000000d6300000, 0x00000000e4f00000, 0x0000000100000000)
  eden space 196608K, 40% used [0x00000000d6300000,0x00000000db10f588,0x00000000e2300000)
  from space 9216K, 99% used [0x00000000e2f80000,0x00000000e3878ab8,0x00000000e3880000)
  to   space 12800K, 0% used [0x00000000e2300000,0x00000000e2300000,0x00000000e2f80000)
 ParOldGen       total 48640K, used 12839K [0x0000000082800000, 0x0000000085780000, 0x00000000d6300000)
  object space 48640K, 26% used [0x0000000082800000,0x0000000083489d20,0x0000000085780000)
 Metaspace       used 34827K, capacity 35338K, committed 35456K, reserved 1081344K
  class space    used 4298K, capacity 4463K, committed 4480K, reserved 1048576K
Event: 14.216 GC heap after
Heap after GC invocations=10 (full 1):
 PSYoungGen      total 209408K, used 11736K [0x00000000d6300000, 0x00000000e8f80000, 0x0000000100000000)
  eden space 196608K, 0% used [0x00000000d6300000,0x00000000d6300000,0x00000000e2300000)
  from space 12800K, 91% used [0x00000000e2300000,0x00000000e2e760c0,0x00000000e2f80000)
  to   space 13824K, 0% used [0x00000000e8200000,0x00000000e8200000,0x00000000e8f80000)
 ParOldGen       total 48640K, used 14828K [0x0000000082800000, 0x0000000085780000, 0x00000000d6300000)
  object space 48640K, 30% used [0x0000000082800000,0x000000008367b038,0x0000000085780000)
 Metaspace       used 34827K, capacity 35338K, committed 35456K, reserved 1081344K
  class space    used 4298K, capacity 4463K, committed 4480K, reserved 1048576K
}
Event: 14.216 GC heap before
{Heap before GC invocations=11 (full 2):
 PSYoungGen      total 209408K, used 11736K [0x00000000d6300000, 0x00000000e8f80000, 0x0000000100000000)
  eden space 196608K, 0% used [0x00000000d6300000,0x00000000d6300000,0x00000000e2300000)
  from space 12800K, 91% used [0x00000000e2300000,0x00000000e2e760c0,0x00000000e2f80000)
  to   space 13824K, 0% used [0x00000000e8200000,0x00000000e8200000,0x00000000e8f80000)
 ParOldGen       total 48640K, used 14828K [0x0000000082800000, 0x0000000085780000, 0x00000000d6300000)
  object space 48640K, 30% used [0x0000000082800000,0x000000008367b038,0x0000000085780000)
 Metaspace       used 34827K, capacity 35338K, committed 35456K, reserved 1081344K
  class space    used 4298K, capacity 4463K, committed 4480K, reserved 1048576K
Event: 14.360 GC heap after
Heap after GC invocations=11 (full 2):
 PSYoungGen      total 209408K, used 0K [0x00000000d6300000, 0x00000000e8f80000, 0x0000000100000000)
  eden space 196608K, 0% used [0x00000000d6300000,0x00000000d6300000,0x00000000e2300000)
  from space 12800K, 0% used [0x00000000e2300000,0x00000000e2300000,0x00000000e2f80000)
  to   space 13824K, 0% used [0x00000000e8200000,0x00000000e8200000,0x00000000e8f80000)
 ParOldGen       total 81408K, used 21350K [0x0000000082800000, 0x0000000087780000, 0x00000000d6300000)
  object space 81408K, 26% used [0x0000000082800000,0x0000000083cd9b30,0x0000000087780000)
 Metaspace       used 34827K, capacity 35338K, committed 35456K, reserved 1081344K
  class space    used 4298K, capacity 4463K, committed 4480K, reserved 1048576K
}
Event: 19.334 GC heap before
{Heap before GC invocations=12 (full 2):
 PSYoungGen      total 209408K, used 196608K [0x00000000d6300000, 0x00000000e8f80000, 0x0000000100000000)
  eden space 196608K, 100% used [0x00000000d6300000,0x00000000e2300000,0x00000000e2300000)
  from space 12800K, 0% used [0x00000000e2300000,0x00000000e2300000,0x00000000e2f80000)
  to   space 13824K, 0% used [0x00000000e8200000,0x00000000e8200000,0x00000000e8f80000)
 ParOldGen       total 81408K, used 21350K [0x0000000082800000, 0x0000000087780000, 0x00000000d6300000)
  object space 81408K, 26% used [0x0000000082800000,0x0000000083cd9b30,0x0000000087780000)
 Metaspace       used 48519K, capacity 49028K, committed 49152K, reserved 1091584K
  class space    used 6254K, capacity 6388K, committed 6400K, reserved 1048576K
Event: 19.370 GC heap after
Heap after GC invocations=12 (full 2):
 PSYoungGen      total 275968K, used 13797K [0x00000000d6300000, 0x00000000e8f80000, 0x0000000100000000)
  eden space 262144K, 0% used [0x00000000d6300000,0x00000000d6300000,0x00000000e6300000)
  from space 13824K, 99% used [0x00000000e8200000,0x00000000e8f79518,0x00000000e8f80000)
  to   space 17408K, 0% used [0x00000000e6d80000,0x00000000e6d80000,0x00000000e7e80000)
 ParOldGen       total 81408K, used 26059K [0x0000000082800000, 0x0000000087780000, 0x00000000d6300000)
  object space 81408K, 32% used [0x0000000082800000,0x0000000084172fe8,0x0000000087780000)
 Metaspace       used 48519K, capacity 49028K, committed 49152K, reserved 1091584K
  class space    used 6254K, capacity 6388K, committed 6400K, reserved 1048576K
}
Event: 63.888 GC heap before
{Heap before GC invocations=13 (full 2):
 PSYoungGen      total 275968K, used 275941K [0x00000000d6300000, 0x00000000e8f80000, 0x0000000100000000)
  eden space 262144K, 100% used [0x00000000d6300000,0x00000000e6300000,0x00000000e6300000)
  from space 13824K, 99% used [0x00000000e8200000,0x00000000e8f79518,0x00000000e8f80000)
  to   space 17408K, 0% used [0x00000000e6d80000,0x00000000e6d80000,0x00000000e7e80000)
 ParOldGen       total 81408K, used 26059K [0x0000000082800000, 0x0000000087780000, 0x00000000d6300000)
  object space 81408K, 32% used [0x0000000082800000,0x0000000084172fe8,0x0000000087780000)
 Metaspace       used 53408K, capacity 54044K, committed 54528K, reserved 1097728K
  class space    used 6883K, capacity 7044K, committed 7168K, reserved 1048576K
Event: 63.923 GC heap after
Heap after GC invocations=13 (full 2):
 PSYoungGen      total 279552K, used 8368K [0x00000000d6300000, 0x00000000e8f80000, 0x0000000100000000)
  eden space 262144K, 0% used [0x00000000d6300000,0x00000000d6300000,0x00000000e6300000)
  from space 17408K, 48% used [0x00000000e6d80000,0x00000000e75ac1f8,0x00000000e7e80000)
  to   space 13824K, 0% used [0x00000000e8200000,0x00000000e8200000,0x00000000e8f80000)
 ParOldGen       total 81408K, used 32786K [0x0000000082800000, 0x0000000087780000, 0x00000000d6300000)
  object space 81408K, 40% used [0x0000000082800000,0x0000000084804be0,0x0000000087780000)
 Metaspace       used 53408K, capacity 54044K, committed 54528K, reserved 1097728K
  class space    used 6883K, capacity 7044K, committed 7168K, reserved 1048576K
}

