# JRE version: Java(TM) SE Runtime Environment (8.0_181-b13) (build 1.8.0_181-b13)
# Java VM: Java HotSpot(TM) 64-Bit Server VM (25.181-b13 mixed mode windows-amd64 compressed oops)
Heap:
 PSYoungGen      total 304128K, used 159490K [0x00000000d6300000, 0x00000000ea080000, 0x0000000100000000)
  eden space 294400K, 50% used [0x00000000d6300000,0x00000000df557380,0x00000000e8280000)
  from space 9728K, 99% used [0x00000000e9700000,0x00000000ea069570,0x00000000ea080000)
  to   space 15360K, 0% used [0x00000000e8280000,0x00000000e8280000,0x00000000e9180000)
 ParOldGen       total 83456K, used 27351K [0x0000000082800000, 0x0000000087980000, 0x00000000d6300000)
  object space 83456K, 32% used [0x0000000082800000,0x00000000842b5d90,0x0000000087980000)
 Metaspace       used 52567K, capacity 53242K, committed 53464K, reserved 1095680K
  class space    used 6664K, capacity 6819K, committed 6872K, reserved 1048576K
GC Heap History (10 events):
Event: 24.259 GC heap before
{Heap before GC invocations=12 (full 1):
 PSYoungGen      total 164352K, used 164329K [0x00000000d6300000, 0x00000000e2280000, 0x0000000100000000)
  eden space 157184K, 100% used [0x00000000d6300000,0x00000000dfc80000,0x00000000dfc80000)
  from space 7168K, 99% used [0x00000000e0500000,0x00000000e0bfa468,0x00000000e0c00000)
  to   space 8704K, 0% used [0x00000000dfc80000,0x00000000dfc80000,0x00000000e0500000)
 ParOldGen       total 49152K, used 9101K [0x0000000082800000, 0x0000000085800000, 0x00000000d6300000)
  object space 49152K, 18% used [0x0000000082800000,0x00000000830e34b0,0x0000000085800000)
 Metaspace       used 32975K, capacity 33318K, committed 33664K, reserved 1079296K
  class space    used 4013K, capacity 4112K, committed 4224K, reserved 1048576K
Event: 24.282 GC heap after
Heap after GC invocations=12 (full 1):
 PSYoungGen      total 165888K, used 8696K [0x00000000d6300000, 0x00000000e5300000, 0x0000000100000000)
  eden space 157184K, 0% used [0x00000000d6300000,0x00000000d6300000,0x00000000dfc80000)
  from space 8704K, 99% used [0x00000000dfc80000,0x00000000e04fe0f8,0x00000000e0500000)
  to   space 12288K, 0% used [0x00000000e4700000,0x00000000e4700000,0x00000000e5300000)
 ParOldGen       total 49152K, used 15588K [0x0000000082800000, 0x0000000085800000, 0x00000000d6300000)
  object space 49152K, 31% used [0x0000000082800000,0x00000000837391a8,0x0000000085800000)
 Metaspace       used 32975K, capacity 33318K, committed 33664K, reserved 1079296K
  class space    used 4013K, capacity 4112K, committed 4224K, reserved 1048576K
}
Event: 24.905 GC heap before
{Heap before GC invocations=13 (full 1):
 PSYoungGen      total 165888K, used 49817K [0x00000000d6300000, 0x00000000e5300000, 0x0000000100000000)
  eden space 157184K, 26% used [0x00000000d6300000,0x00000000d8b28478,0x00000000dfc80000)
  from space 8704K, 99% used [0x00000000dfc80000,0x00000000e04fe0f8,0x00000000e0500000)
  to   space 12288K, 0% used [0x00000000e4700000,0x00000000e4700000,0x00000000e5300000)
 ParOldGen       total 49152K, used 15588K [0x0000000082800000, 0x0000000085800000, 0x00000000d6300000)
  object space 49152K, 31% used [0x0000000082800000,0x00000000837391a8,0x0000000085800000)
 Metaspace       used 34842K, capacity 35280K, committed 35416K, reserved 1081344K
  class space    used 4230K, capacity 4355K, committed 4440K, reserved 1048576K
Event: 24.920 GC heap after
Heap after GC invocations=13 (full 1):
 PSYoungGen      total 233472K, used 1998K [0x00000000d6300000, 0x00000000e5800000, 0x0000000100000000)
  eden space 221184K, 0% used [0x00000000d6300000,0x00000000d6300000,0x00000000e3b00000)
  from space 12288K, 16% used [0x00000000e4700000,0x00000000e48f3a30,0x00000000e5300000)
  to   space 12288K, 0% used [0x00000000e3b00000,0x00000000e3b00000,0x00000000e4700000)
 ParOldGen       total 49152K, used 22478K [0x0000000082800000, 0x0000000085800000, 0x00000000d6300000)
  object space 49152K, 45% used [0x0000000082800000,0x0000000083df3be8,0x0000000085800000)
 Metaspace       used 34842K, capacity 35280K, committed 35416K, reserved 1081344K
  class space    used 4230K, capacity 4355K, committed 4440K, reserved 1048576K
}
Event: 24.920 GC heap before
{Heap before GC invocations=14 (full 2):
 PSYoungGen      total 233472K, used 1998K [0x00000000d6300000, 0x00000000e5800000, 0x0000000100000000)
  eden space 221184K, 0% used [0x00000000d6300000,0x00000000d6300000,0x00000000e3b00000)
  from space 12288K, 16% used [0x00000000e4700000,0x00000000e48f3a30,0x00000000e5300000)
  to   space 12288K, 0% used [0x00000000e3b00000,0x00000000e3b00000,0x00000000e4700000)
 ParOldGen       total 49152K, used 22478K [0x0000000082800000, 0x0000000085800000, 0x00000000d6300000)
  object space 49152K, 45% used [0x0000000082800000,0x0000000083df3be8,0x0000000085800000)
 Metaspace       used 34842K, capacity 35280K, committed 35416K, reserved 1081344K
  class space    used 4230K, capacity 4355K, committed 4440K, reserved 1048576K
Event: 25.057 GC heap after
Heap after GC invocations=14 (full 2):
 PSYoungGen      total 233472K, used 0K [0x00000000d6300000, 0x00000000e5800000, 0x0000000100000000)
  eden space 221184K, 0% used [0x00000000d6300000,0x00000000d6300000,0x00000000e3b00000)
  from space 12288K, 0% used [0x00000000e4700000,0x00000000e4700000,0x00000000e5300000)
  to   space 12288K, 0% used [0x00000000e3b00000,0x00000000e3b00000,0x00000000e4700000)
 ParOldGen       total 83456K, used 20359K [0x0000000082800000, 0x0000000087980000, 0x00000000d6300000)
  object space 83456K, 24% used [0x0000000082800000,0x0000000083be1d50,0x0000000087980000)
 Metaspace       used 34842K, capacity 35280K, committed 35416K, reserved 1081344K
  class space    used 4230K, capacity 4355K, committed 4440K, reserved 1048576K
}
Event: 30.674 GC heap before
{Heap before GC invocations=15 (full 2):
 PSYoungGen      total 233472K, used 221184K [0x00000000d6300000, 0x00000000e5800000, 0x0000000100000000)
  eden space 221184K, 100% used [0x00000000d6300000,0x00000000e3b00000,0x00000000e3b00000)
  from space 12288K, 0% used [0x00000000e4700000,0x00000000e4700000,0x00000000e5300000)
  to   space 12288K, 0% used [0x00000000e3b00000,0x00000000e3b00000,0x00000000e4700000)
 ParOldGen       total 83456K, used 20359K [0x0000000082800000, 0x0000000087980000, 0x00000000d6300000)
  object space 83456K, 24% used [0x0000000082800000,0x0000000083be1d50,0x0000000087980000)
 Metaspace       used 46589K, capacity 47144K, committed 47320K, reserved 1091584K
  class space    used 5884K, capacity 6000K, committed 6104K, reserved 1048576K
Event: 30.728 GC heap after
Heap after GC invocations=15 (full 2):
 PSYoungGen      total 233472K, used 12278K [0x00000000d6300000, 0x00000000ea580000, 0x0000000100000000)
  eden space 221184K, 0% used [0x00000000d6300000,0x00000000d6300000,0x00000000e3b00000)
  from space 12288K, 99% used [0x00000000e3b00000,0x00000000e46fda70,0x00000000e4700000)
  to   space 14848K, 0% used [0x00000000e9700000,0x00000000e9700000,0x00000000ea580000)
 ParOldGen       total 83456K, used 22436K [0x0000000082800000, 0x0000000087980000, 0x00000000d6300000)
  object space 83456K, 26% used [0x0000000082800000,0x0000000083de9198,0x0000000087980000)
 Metaspace       used 46589K, capacity 47144K, committed 47320K, reserved 1091584K
  class space    used 5884K, capacity 6000K, committed 6104K, reserved 1048576K
}
Event: 37.123 GC heap before
{Heap before GC invocations=16 (full 2):
 PSYoungGen      total 233472K, used 233462K [0x00000000d6300000, 0x00000000ea580000, 0x0000000100000000)
  eden space 221184K, 100% used [0x00000000d6300000,0x00000000e3b00000,0x00000000e3b00000)
  from space 12288K, 99% used [0x00000000e3b00000,0x00000000e46fda70,0x00000000e4700000)
  to   space 14848K, 0% used [0x00000000e9700000,0x00000000e9700000,0x00000000ea580000)
 ParOldGen       total 83456K, used 22436K [0x0000000082800000, 0x0000000087980000, 0x00000000d6300000)
  object space 83456K, 26% used [0x0000000082800000,0x0000000083de9198,0x0000000087980000)
 Metaspace       used 51118K, capacity 51742K, committed 52056K, reserved 1095680K
  class space    used 6478K, capacity 6649K, committed 6744K, reserved 1048576K
Event: 37.150 GC heap after
Heap after GC invocations=16 (full 2):
 PSYoungGen      total 304128K, used 9637K [0x00000000d6300000, 0x00000000ea080000, 0x0000000100000000)
  eden space 294400K, 0% used [0x00000000d6300000,0x00000000d6300000,0x00000000e8280000)
  from space 9728K, 99% used [0x00000000e9700000,0x00000000ea069570,0x00000000ea080000)
  to   space 15360K, 0% used [0x00000000e8280000,0x00000000e8280000,0x00000000e9180000)
 ParOldGen       total 83456K, used 27351K [0x0000000082800000, 0x0000000087980000, 0x00000000d6300000)
  object space 83456K, 32% used [0x0000000082800000,0x00000000842b5d90,0x0000000087980000)
 Metaspace       used 51118K, capacity 51742K, committed 52056K, reserved 1095680K
  class space    used 6478K, capacity 6649K, committed 6744K, reserved 1048576K
}

