# JRE version: Java(TM) SE Runtime Environment (8.0_181-b13) (build 1.8.0_181-b13)
# Java VM: Java HotSpot(TM) 64-Bit Server VM (25.181-b13 mixed mode windows-amd64 compressed oops)
Heap:
 PSYoungGen      total 307712K, used 11680K [0x00000000d6300000, 0x00000000efd80000, 0x0000000100000000)
  eden space 292352K, 3% used [0x00000000d6300000,0x00000000d6e68080,0x00000000e8080000)
  from space 15360K, 0% used [0x00000000e8080000,0x00000000e8080000,0x00000000e8f80000)
  to   space 14848K, 0% used [0x00000000eef00000,0x00000000eef00000,0x00000000efd80000)
 ParOldGen       total 123904K, used 41409K [0x0000000082800000, 0x000000008a100000, 0x00000000d6300000)
  object space 123904K, 33% used [0x0000000082800000,0x0000000085070488,0x000000008a100000)
 Metaspace       used 58130K, capacity 58743K, committed 59288K, reserved 1101824K
  class space    used 7569K, capacity 7726K, committed 7848K, reserved 1048576K
GC Heap History (10 events):
Event: 20.037 GC heap before
{Heap before GC invocations=14 (full 2):
 PSYoungGen      total 224768K, used 1487K [0x00000000d6300000, 0x00000000e5100000, 0x0000000100000000)
  eden space 213504K, 0% used [0x00000000d6300000,0x00000000d6300000,0x00000000e3380000)
  from space 11264K, 13% used [0x00000000e3f00000,0x00000000e4073f20,0x00000000e4a00000)
  to   space 11776K, 0% used [0x00000000e3380000,0x00000000e3380000,0x00000000e3f00000)
 ParOldGen       total 48640K, used 24161K [0x0000000082800000, 0x0000000085780000, 0x00000000d6300000)
  object space 48640K, 49% used [0x0000000082800000,0x0000000083f98658,0x0000000085780000)
 Metaspace       used 34997K, capacity 35367K, committed 35496K, reserved 1081344K
  class space    used 4393K, capacity 4507K, committed 4520K, reserved 1048576K
Event: 20.307 GC heap after
Heap after GC invocations=14 (full 2):
 PSYoungGen      total 224768K, used 0K [0x00000000d6300000, 0x00000000e5100000, 0x0000000100000000)
  eden space 213504K, 0% used [0x00000000d6300000,0x00000000d6300000,0x00000000e3380000)
  from space 11264K, 0% used [0x00000000e3f00000,0x00000000e3f00000,0x00000000e4a00000)
  to   space 11776K, 0% used [0x00000000e3380000,0x00000000e3380000,0x00000000e3f00000)
 ParOldGen       total 82432K, used 22578K [0x0000000082800000, 0x0000000087880000, 0x00000000d6300000)
  object space 82432K, 27% used [0x0000000082800000,0x0000000083e0cbf8,0x0000000087880000)
 Metaspace       used 34997K, capacity 35367K, committed 35496K, reserved 1081344K
  class space    used 4393K, capacity 4507K, committed 4520K, reserved 1048576K
}
Event: 28.043 GC heap before
{Heap before GC invocations=15 (full 2):
 PSYoungGen      total 224768K, used 213504K [0x00000000d6300000, 0x00000000e5100000, 0x0000000100000000)
  eden space 213504K, 100% used [0x00000000d6300000,0x00000000e3380000,0x00000000e3380000)
  from space 11264K, 0% used [0x00000000e3f00000,0x00000000e3f00000,0x00000000e4a00000)
  to   space 11776K, 0% used [0x00000000e3380000,0x00000000e3380000,0x00000000e3f00000)
 ParOldGen       total 82432K, used 22578K [0x0000000082800000, 0x0000000087880000, 0x00000000d6300000)
  object space 82432K, 27% used [0x0000000082800000,0x0000000083e0cbf8,0x0000000087880000)
 Metaspace       used 49718K, capacity 50299K, committed 50600K, reserved 1093632K
  class space    used 6385K, capacity 6526K, committed 6568K, reserved 1048576K
Event: 28.158 GC heap after
Heap after GC invocations=15 (full 2):
 PSYoungGen      total 225280K, used 11772K [0x00000000d6300000, 0x00000000e9f00000, 0x0000000100000000)
  eden space 213504K, 0% used [0x00000000d6300000,0x00000000d6300000,0x00000000e3380000)
  from space 11776K, 99% used [0x00000000e3380000,0x00000000e3eff390,0x00000000e3f00000)
  to   space 15360K, 0% used [0x00000000e9000000,0x00000000e9000000,0x00000000e9f00000)
 ParOldGen       total 82432K, used 28096K [0x0000000082800000, 0x0000000087880000, 0x00000000d6300000)
  object space 82432K, 34% used [0x0000000082800000,0x0000000084370090,0x0000000087880000)
 Metaspace       used 49718K, capacity 50299K, committed 50600K, reserved 1093632K
  class space    used 6385K, capacity 6526K, committed 6568K, reserved 1048576K
}
Event: 33.515 GC heap before
{Heap before GC invocations=16 (full 2):
 PSYoungGen      total 225280K, used 225276K [0x00000000d6300000, 0x00000000e9f00000, 0x0000000100000000)
  eden space 213504K, 100% used [0x00000000d6300000,0x00000000e3380000,0x00000000e3380000)
  from space 11776K, 99% used [0x00000000e3380000,0x00000000e3eff390,0x00000000e3f00000)
  to   space 15360K, 0% used [0x00000000e9000000,0x00000000e9000000,0x00000000e9f00000)
 ParOldGen       total 82432K, used 28096K [0x0000000082800000, 0x0000000087880000, 0x00000000d6300000)
  object space 82432K, 34% used [0x0000000082800000,0x0000000084370090,0x0000000087880000)
 Metaspace       used 55375K, capacity 55971K, committed 56360K, reserved 1097728K
  class space    used 7214K, capacity 7366K, committed 7464K, reserved 1048576K
Event: 33.624 GC heap after
Heap after GC invocations=16 (full 2):
 PSYoungGen      total 307200K, used 9125K [0x00000000d6300000, 0x00000000e9e80000, 0x0000000100000000)
  eden space 292352K, 0% used [0x00000000d6300000,0x00000000d6300000,0x00000000e8080000)
  from space 14848K, 61% used [0x00000000e9000000,0x00000000e98e9488,0x00000000e9e80000)
  to   space 15360K, 0% used [0x00000000e8080000,0x00000000e8080000,0x00000000e8f80000)
 ParOldGen       total 82432K, used 34738K [0x0000000082800000, 0x0000000087880000, 0x00000000d6300000)
  object space 82432K, 42% used [0x0000000082800000,0x00000000849ec8f8,0x0000000087880000)
 Metaspace       used 55375K, capacity 55971K, committed 56360K, reserved 1097728K
  class space    used 7214K, capacity 7366K, committed 7464K, reserved 1048576K
}
Event: 45.187 GC heap before
{Heap before GC invocations=17 (full 2):
 PSYoungGen      total 307200K, used 258637K [0x00000000d6300000, 0x00000000e9e80000, 0x0000000100000000)
  eden space 292352K, 85% used [0x00000000d6300000,0x00000000e56aa1a0,0x00000000e8080000)
  from space 14848K, 61% used [0x00000000e9000000,0x00000000e98e9488,0x00000000e9e80000)
  to   space 15360K, 0% used [0x00000000e8080000,0x00000000e8080000,0x00000000e8f80000)
 ParOldGen       total 82432K, used 34738K [0x0000000082800000, 0x0000000087880000, 0x00000000d6300000)
  object space 82432K, 42% used [0x0000000082800000,0x00000000849ec8f8,0x0000000087880000)
 Metaspace       used 58098K, capacity 58705K, committed 59160K, reserved 1101824K
  class space    used 7564K, capacity 7693K, committed 7720K, reserved 1048576K
Event: 45.233 GC heap after
Heap after GC invocations=17 (full 2):
 PSYoungGen      total 307712K, used 8579K [0x00000000d6300000, 0x00000000efd80000, 0x0000000100000000)
  eden space 292352K, 0% used [0x00000000d6300000,0x00000000d6300000,0x00000000e8080000)
  from space 15360K, 55% used [0x00000000e8080000,0x00000000e88e0d60,0x00000000e8f80000)
  to   space 14848K, 0% used [0x00000000eef00000,0x00000000eef00000,0x00000000efd80000)
 ParOldGen       total 82432K, used 39633K [0x0000000082800000, 0x0000000087880000, 0x00000000d6300000)
  object space 82432K, 48% used [0x0000000082800000,0x0000000084eb47b8,0x0000000087880000)
 Metaspace       used 58098K, capacity 58705K, committed 59160K, reserved 1101824K
  class space    used 7564K, capacity 7693K, committed 7720K, reserved 1048576K
}
Event: 45.234 GC heap before
{Heap before GC invocations=18 (full 3):
 PSYoungGen      total 307712K, used 8579K [0x00000000d6300000, 0x00000000efd80000, 0x0000000100000000)
  eden space 292352K, 0% used [0x00000000d6300000,0x00000000d6300000,0x00000000e8080000)
  from space 15360K, 55% used [0x00000000e8080000,0x00000000e88e0d60,0x00000000e8f80000)
  to   space 14848K, 0% used [0x00000000eef00000,0x00000000eef00000,0x00000000efd80000)
 ParOldGen       total 82432K, used 39633K [0x0000000082800000, 0x0000000087880000, 0x00000000d6300000)
  object space 82432K, 48% used [0x0000000082800000,0x0000000084eb47b8,0x0000000087880000)
 Metaspace       used 58098K, capacity 58705K, committed 59160K, reserved 1101824K
  class space    used 7564K, capacity 7693K, committed 7720K, reserved 1048576K
Event: 46.809 GC heap after
Heap after GC invocations=18 (full 3):
 PSYoungGen      total 307712K, used 0K [0x00000000d6300000, 0x00000000efd80000, 0x0000000100000000)
  eden space 292352K, 0% used [0x00000000d6300000,0x00000000d6300000,0x00000000e8080000)
  from space 15360K, 0% used [0x00000000e8080000,0x00000000e8080000,0x00000000e8f80000)
  to   space 14848K, 0% used [0x00000000eef00000,0x00000000eef00000,0x00000000efd80000)
 ParOldGen       total 123904K, used 41409K [0x0000000082800000, 0x000000008a100000, 0x00000000d6300000)
  object space 123904K, 33% used [0x0000000082800000,0x0000000085070488,0x000000008a100000)
 Metaspace       used 58098K, capacity 58705K, committed 59160K, reserved 1101824K
  class space    used 7564K, capacity 7693K, committed 7720K, reserved 1048576K
}

